{"name":"hexo","hostname":"LAPTOP-QPNKNM95","pid":20196,"level":20,"msg":"Hexo version: \u001b[35m3.2.2\u001b[39m","time":"2017-03-12T17:32:11.929Z","v":0}
{"name":"hexo","hostname":"LAPTOP-QPNKNM95","pid":20196,"level":20,"msg":"Working directory: \u001b[35mD:\\GitRepo\\xingzheng.me1\\xingzheng.me\\\u001b[39m","time":"2017-03-12T17:32:11.935Z","v":0}
{"name":"hexo","hostname":"LAPTOP-QPNKNM95","pid":20196,"level":20,"msg":"Config loaded: \u001b[35mD:\\GitRepo\\xingzheng.me1\\xingzheng.me\\_config.yml\u001b[39m","time":"2017-03-12T17:32:12.210Z","v":0}
{"name":"hexo","hostname":"LAPTOP-QPNKNM95","pid":20196,"level":20,"msg":"Plugin loaded: \u001b[35mhexo-cli\u001b[39m","time":"2017-03-12T17:32:12.257Z","v":0}
{"name":"hexo","hostname":"LAPTOP-QPNKNM95","pid":20196,"level":20,"msg":"Plugin loaded: \u001b[35mhexo-deployer-git\u001b[39m","time":"2017-03-12T17:32:12.262Z","v":0}
{"name":"hexo","hostname":"LAPTOP-QPNKNM95","pid":20196,"level":20,"msg":"Plugin loaded: \u001b[35mhexo-generator-archive\u001b[39m","time":"2017-03-12T17:32:12.270Z","v":0}
{"name":"hexo","hostname":"LAPTOP-QPNKNM95","pid":20196,"level":20,"msg":"Plugin loaded: \u001b[35mhexo-generator-category\u001b[39m","time":"2017-03-12T17:32:12.275Z","v":0}
{"name":"hexo","hostname":"LAPTOP-QPNKNM95","pid":20196,"level":20,"msg":"Plugin loaded: \u001b[35mhexo-generator-index\u001b[39m","time":"2017-03-12T17:32:12.279Z","v":0}
{"name":"hexo","hostname":"LAPTOP-QPNKNM95","pid":20196,"level":20,"msg":"Plugin loaded: \u001b[35mhexo-generator-tag\u001b[39m","time":"2017-03-12T17:32:12.282Z","v":0}
{"name":"hexo","hostname":"LAPTOP-QPNKNM95","pid":20196,"level":20,"msg":"Plugin loaded: \u001b[35mhexo-renderer-ejs\u001b[39m","time":"2017-03-12T17:32:12.296Z","v":0}
{"name":"hexo","hostname":"LAPTOP-QPNKNM95","pid":20196,"level":20,"msg":"Plugin loaded: \u001b[35mhexo-renderer-marked\u001b[39m","time":"2017-03-12T17:32:12.312Z","v":0}
{"name":"hexo","hostname":"LAPTOP-QPNKNM95","pid":20196,"level":20,"msg":"Plugin loaded: \u001b[35mhexo-renderer-stylus\u001b[39m","time":"2017-03-12T17:32:12.320Z","v":0}
{"name":"hexo","hostname":"LAPTOP-QPNKNM95","pid":20196,"level":20,"msg":"Plugin loaded: \u001b[35mhexo-server\u001b[39m","time":"2017-03-12T17:32:12.495Z","v":0}
{"name":"hexo","hostname":"LAPTOP-QPNKNM95","pid":20196,"level":20,"msg":"Script loaded: \u001b[35mthemes\\next\\scripts\\merge-configs.js\u001b[39m","time":"2017-03-12T17:32:12.500Z","v":0}
{"name":"hexo","hostname":"LAPTOP-QPNKNM95","pid":20196,"level":20,"msg":"Script loaded: \u001b[35mthemes\\next\\scripts\\merge.js\u001b[39m","time":"2017-03-12T17:32:12.511Z","v":0}
{"name":"hexo","hostname":"LAPTOP-QPNKNM95","pid":20196,"level":20,"msg":"Script loaded: \u001b[35mthemes\\next\\scripts\\tags\\button.js\u001b[39m","time":"2017-03-12T17:32:12.512Z","v":0}
{"name":"hexo","hostname":"LAPTOP-QPNKNM95","pid":20196,"level":20,"msg":"Script loaded: \u001b[35mthemes\\next\\scripts\\tags\\center-quote.js\u001b[39m","time":"2017-03-12T17:32:12.514Z","v":0}
{"name":"hexo","hostname":"LAPTOP-QPNKNM95","pid":20196,"level":20,"msg":"Script loaded: \u001b[35mthemes\\next\\scripts\\tags\\exturl.js\u001b[39m","time":"2017-03-12T17:32:12.518Z","v":0}
{"name":"hexo","hostname":"LAPTOP-QPNKNM95","pid":20196,"level":20,"msg":"Script loaded: \u001b[35mthemes\\next\\scripts\\tags\\full-image.js\u001b[39m","time":"2017-03-12T17:32:12.520Z","v":0}
{"name":"hexo","hostname":"LAPTOP-QPNKNM95","pid":20196,"level":20,"msg":"Script loaded: \u001b[35mthemes\\next\\scripts\\tags\\group-pictures.js\u001b[39m","time":"2017-03-12T17:32:12.522Z","v":0}
{"name":"hexo","hostname":"LAPTOP-QPNKNM95","pid":20196,"level":20,"msg":"Script loaded: \u001b[35mthemes\\next\\scripts\\tags\\note.js\u001b[39m","time":"2017-03-12T17:32:12.523Z","v":0}
{"name":"hexo","hostname":"LAPTOP-QPNKNM95","pid":20196,"level":20,"msg":"Loading database.","time":"2017-03-12T17:32:12.552Z","v":0}
{"name":"hexo","hostname":"LAPTOP-QPNKNM95","pid":20196,"level":30,"msg":"Start processing","time":"2017-03-12T17:32:12.715Z","v":0}
{"name":"hexo","hostname":"LAPTOP-QPNKNM95","pid":20196,"level":20,"msg":"Processed: \u001b[35mCNAME\u001b[39m","time":"2017-03-12T17:32:12.842Z","v":0}
{"name":"hexo","hostname":"LAPTOP-QPNKNM95","pid":20196,"level":20,"msg":"Processed: \u001b[35m_posts/GitHub-Pages-如何绑定自定义域名.md\u001b[39m","time":"2017-03-12T17:32:12.927Z","v":0}
{"name":"hexo","hostname":"LAPTOP-QPNKNM95","pid":20196,"level":20,"msg":"Processed: \u001b[35m_posts/Git学习之如何push本地仓库到远程.md\u001b[39m","time":"2017-03-12T17:32:12.929Z","v":0}
{"name":"hexo","hostname":"LAPTOP-QPNKNM95","pid":20196,"level":20,"msg":"Processed: \u001b[35m_posts/hello-world.md\u001b[39m","time":"2017-03-12T17:32:12.932Z","v":0}
{"name":"hexo","hostname":"LAPTOP-QPNKNM95","pid":20196,"level":20,"msg":"Processed: \u001b[35m_posts/test.md\u001b[39m","time":"2017-03-12T17:32:12.933Z","v":0}
{"name":"hexo","hostname":"LAPTOP-QPNKNM95","pid":20196,"level":20,"msg":"Processed: \u001b[35m_posts/test2.md\u001b[39m","time":"2017-03-12T17:32:12.935Z","v":0}
{"name":"hexo","hostname":"LAPTOP-QPNKNM95","pid":20196,"level":20,"msg":"Theme config loaded.","time":"2017-03-12T17:32:13.092Z","v":0}
{"name":"hexo","hostname":"LAPTOP-QPNKNM95","pid":20196,"level":20,"msg":"Processed: \u001b[35m_config.yml\u001b[39m","time":"2017-03-12T17:32:13.095Z","v":0}
{"name":"hexo","hostname":"LAPTOP-QPNKNM95","pid":20196,"level":20,"msg":"Processed: \u001b[35msource/css/main.styl\u001b[39m","time":"2017-03-12T17:32:13.101Z","v":0}
{"name":"hexo","hostname":"LAPTOP-QPNKNM95","pid":20196,"level":20,"msg":"Processed: \u001b[35msource/images/algolia_logo.svg\u001b[39m","time":"2017-03-12T17:32:13.105Z","v":0}
{"name":"hexo","hostname":"LAPTOP-QPNKNM95","pid":20196,"level":20,"msg":"Processed: \u001b[35msource/images/avatar.gif\u001b[39m","time":"2017-03-12T17:32:13.106Z","v":0}
{"name":"hexo","hostname":"LAPTOP-QPNKNM95","pid":20196,"level":20,"msg":"Processed: \u001b[35msource/images/cc-by-nc-nd.svg\u001b[39m","time":"2017-03-12T17:32:13.107Z","v":0}
{"name":"hexo","hostname":"LAPTOP-QPNKNM95","pid":20196,"level":20,"msg":"Processed: \u001b[35msource/images/cc-by-nc-sa.svg\u001b[39m","time":"2017-03-12T17:32:13.111Z","v":0}
{"name":"hexo","hostname":"LAPTOP-QPNKNM95","pid":20196,"level":20,"msg":"Processed: \u001b[35msource/images/cc-by-nc.svg\u001b[39m","time":"2017-03-12T17:32:13.112Z","v":0}
{"name":"hexo","hostname":"LAPTOP-QPNKNM95","pid":20196,"level":20,"msg":"Processed: \u001b[35msource/images/cc-by-nd.svg\u001b[39m","time":"2017-03-12T17:32:13.116Z","v":0}
{"name":"hexo","hostname":"LAPTOP-QPNKNM95","pid":20196,"level":20,"msg":"Processed: \u001b[35msource/images/cc-by-sa.svg\u001b[39m","time":"2017-03-12T17:32:13.122Z","v":0}
{"name":"hexo","hostname":"LAPTOP-QPNKNM95","pid":20196,"level":20,"msg":"Processed: \u001b[35msource/images/cc-by.svg\u001b[39m","time":"2017-03-12T17:32:13.125Z","v":0}
{"name":"hexo","hostname":"LAPTOP-QPNKNM95","pid":20196,"level":20,"msg":"Processed: \u001b[35msource/images/cc-zero.svg\u001b[39m","time":"2017-03-12T17:32:13.126Z","v":0}
{"name":"hexo","hostname":"LAPTOP-QPNKNM95","pid":20196,"level":20,"msg":"Processed: \u001b[35msource/images/loading.gif\u001b[39m","time":"2017-03-12T17:32:13.127Z","v":0}
{"name":"hexo","hostname":"LAPTOP-QPNKNM95","pid":20196,"level":20,"msg":"Processed: \u001b[35msource/images/placeholder.gif\u001b[39m","time":"2017-03-12T17:32:13.139Z","v":0}
{"name":"hexo","hostname":"LAPTOP-QPNKNM95","pid":20196,"level":20,"msg":"Processed: \u001b[35msource/images/quote-l.svg\u001b[39m","time":"2017-03-12T17:32:13.141Z","v":0}
{"name":"hexo","hostname":"LAPTOP-QPNKNM95","pid":20196,"level":20,"msg":"Processed: \u001b[35msource/images/quote-r.svg\u001b[39m","time":"2017-03-12T17:32:13.148Z","v":0}
{"name":"hexo","hostname":"LAPTOP-QPNKNM95","pid":20196,"level":20,"msg":"Processed: \u001b[35msource/images/searchicon.png\u001b[39m","time":"2017-03-12T17:32:13.150Z","v":0}
{"name":"hexo","hostname":"LAPTOP-QPNKNM95","pid":20196,"level":20,"msg":"Processed: \u001b[35mlayout/_layout.swig\u001b[39m","time":"2017-03-12T17:32:13.463Z","v":0}
{"name":"hexo","hostname":"LAPTOP-QPNKNM95","pid":20196,"level":20,"msg":"Processed: \u001b[35mlayout/archive.swig\u001b[39m","time":"2017-03-12T17:32:13.464Z","v":0}
{"name":"hexo","hostname":"LAPTOP-QPNKNM95","pid":20196,"level":20,"msg":"Processed: \u001b[35mlayout/category.swig\u001b[39m","time":"2017-03-12T17:32:13.465Z","v":0}
{"name":"hexo","hostname":"LAPTOP-QPNKNM95","pid":20196,"level":20,"msg":"Processed: \u001b[35mlayout/index.swig\u001b[39m","time":"2017-03-12T17:32:13.465Z","v":0}
{"name":"hexo","hostname":"LAPTOP-QPNKNM95","pid":20196,"level":20,"msg":"Processed: \u001b[35mlayout/page.swig\u001b[39m","time":"2017-03-12T17:32:13.466Z","v":0}
{"name":"hexo","hostname":"LAPTOP-QPNKNM95","pid":20196,"level":20,"msg":"Processed: \u001b[35mlayout/post.swig\u001b[39m","time":"2017-03-12T17:32:13.467Z","v":0}
{"name":"hexo","hostname":"LAPTOP-QPNKNM95","pid":20196,"level":20,"msg":"Processed: \u001b[35mlayout/schedule.swig\u001b[39m","time":"2017-03-12T17:32:13.467Z","v":0}
{"name":"hexo","hostname":"LAPTOP-QPNKNM95","pid":20196,"level":20,"msg":"Processed: \u001b[35mlayout/tag.swig\u001b[39m","time":"2017-03-12T17:32:13.469Z","v":0}
{"name":"hexo","hostname":"LAPTOP-QPNKNM95","pid":20196,"level":20,"msg":"Processed: \u001b[35mlanguages/de.yml\u001b[39m","time":"2017-03-12T17:32:13.484Z","v":0}
{"name":"hexo","hostname":"LAPTOP-QPNKNM95","pid":20196,"level":20,"msg":"Processed: \u001b[35mlanguages/default.yml\u001b[39m","time":"2017-03-12T17:32:13.486Z","v":0}
{"name":"hexo","hostname":"LAPTOP-QPNKNM95","pid":20196,"level":20,"msg":"Processed: \u001b[35mlanguages/en.yml\u001b[39m","time":"2017-03-12T17:32:13.490Z","v":0}
{"name":"hexo","hostname":"LAPTOP-QPNKNM95","pid":20196,"level":20,"msg":"Processed: \u001b[35mlanguages/fr-FR.yml\u001b[39m","time":"2017-03-12T17:32:13.491Z","v":0}
{"name":"hexo","hostname":"LAPTOP-QPNKNM95","pid":20196,"level":20,"msg":"Processed: \u001b[35mlanguages/id.yml\u001b[39m","time":"2017-03-12T17:32:13.492Z","v":0}
{"name":"hexo","hostname":"LAPTOP-QPNKNM95","pid":20196,"level":20,"msg":"Processed: \u001b[35mlanguages/ko.yml\u001b[39m","time":"2017-03-12T17:32:13.494Z","v":0}
{"name":"hexo","hostname":"LAPTOP-QPNKNM95","pid":20196,"level":20,"msg":"Processed: \u001b[35mlanguages/ja.yml\u001b[39m","time":"2017-03-12T17:32:13.495Z","v":0}
{"name":"hexo","hostname":"LAPTOP-QPNKNM95","pid":20196,"level":20,"msg":"Processed: \u001b[35mlanguages/pt.yml\u001b[39m","time":"2017-03-12T17:32:13.496Z","v":0}
{"name":"hexo","hostname":"LAPTOP-QPNKNM95","pid":20196,"level":20,"msg":"Processed: \u001b[35mlanguages/pt-BR.yml\u001b[39m","time":"2017-03-12T17:32:13.497Z","v":0}
{"name":"hexo","hostname":"LAPTOP-QPNKNM95","pid":20196,"level":20,"msg":"Processed: \u001b[35mlanguages/zh-Hans.yml\u001b[39m","time":"2017-03-12T17:32:13.497Z","v":0}
{"name":"hexo","hostname":"LAPTOP-QPNKNM95","pid":20196,"level":20,"msg":"Processed: \u001b[35mlanguages/zh-hk.yml\u001b[39m","time":"2017-03-12T17:32:13.498Z","v":0}
{"name":"hexo","hostname":"LAPTOP-QPNKNM95","pid":20196,"level":20,"msg":"Processed: \u001b[35mlanguages/ru.yml\u001b[39m","time":"2017-03-12T17:32:13.500Z","v":0}
{"name":"hexo","hostname":"LAPTOP-QPNKNM95","pid":20196,"level":20,"msg":"Processed: \u001b[35mlanguages/zh-tw.yml\u001b[39m","time":"2017-03-12T17:32:13.501Z","v":0}
{"name":"hexo","hostname":"LAPTOP-QPNKNM95","pid":20196,"level":20,"msg":"Processed: \u001b[35msource/js/src/affix.js\u001b[39m","time":"2017-03-12T17:32:13.502Z","v":0}
{"name":"hexo","hostname":"LAPTOP-QPNKNM95","pid":20196,"level":20,"msg":"Processed: \u001b[35msource/js/src/algolia-search.js\u001b[39m","time":"2017-03-12T17:32:13.503Z","v":0}
{"name":"hexo","hostname":"LAPTOP-QPNKNM95","pid":20196,"level":20,"msg":"Processed: \u001b[35msource/js/src/bootstrap.js\u001b[39m","time":"2017-03-12T17:32:13.508Z","v":0}
{"name":"hexo","hostname":"LAPTOP-QPNKNM95","pid":20196,"level":20,"msg":"Processed: \u001b[35msource/js/src/exturl.js\u001b[39m","time":"2017-03-12T17:32:13.511Z","v":0}
{"name":"hexo","hostname":"LAPTOP-QPNKNM95","pid":20196,"level":20,"msg":"Processed: \u001b[35msource/js/src/hook-duoshuo.js\u001b[39m","time":"2017-03-12T17:32:13.512Z","v":0}
{"name":"hexo","hostname":"LAPTOP-QPNKNM95","pid":20196,"level":20,"msg":"Processed: \u001b[35msource/js/src/motion.js\u001b[39m","time":"2017-03-12T17:32:13.514Z","v":0}
{"name":"hexo","hostname":"LAPTOP-QPNKNM95","pid":20196,"level":20,"msg":"Processed: \u001b[35msource/js/src/post-details.js\u001b[39m","time":"2017-03-12T17:32:13.516Z","v":0}
{"name":"hexo","hostname":"LAPTOP-QPNKNM95","pid":20196,"level":20,"msg":"Processed: \u001b[35msource/js/src/scrollspy.js\u001b[39m","time":"2017-03-12T17:32:13.519Z","v":0}
{"name":"hexo","hostname":"LAPTOP-QPNKNM95","pid":20196,"level":20,"msg":"Processed: \u001b[35msource/js/src/utils.js\u001b[39m","time":"2017-03-12T17:32:13.520Z","v":0}
{"name":"hexo","hostname":"LAPTOP-QPNKNM95","pid":20196,"level":20,"msg":"Processed: \u001b[35msource/lib/algolia-instant-search/instantsearch.min.css\u001b[39m","time":"2017-03-12T17:32:13.521Z","v":0}
{"name":"hexo","hostname":"LAPTOP-QPNKNM95","pid":20196,"level":20,"msg":"Processed: \u001b[35msource/lib/canvas-nest/canvas-nest.min.js\u001b[39m","time":"2017-03-12T17:32:13.523Z","v":0}
{"name":"hexo","hostname":"LAPTOP-QPNKNM95","pid":20196,"level":20,"msg":"Processed: \u001b[35msource/lib/fastclick/LICENSE\u001b[39m","time":"2017-03-12T17:32:13.525Z","v":0}
{"name":"hexo","hostname":"LAPTOP-QPNKNM95","pid":20196,"level":20,"msg":"Processed: \u001b[35msource/lib/fastclick/README.md\u001b[39m","time":"2017-03-12T17:32:13.528Z","v":0}
{"name":"hexo","hostname":"LAPTOP-QPNKNM95","pid":20196,"level":20,"msg":"Processed: \u001b[35msource/lib/fastclick/bower.json\u001b[39m","time":"2017-03-12T17:32:13.529Z","v":0}
{"name":"hexo","hostname":"LAPTOP-QPNKNM95","pid":20196,"level":20,"msg":"Processed: \u001b[35msource/lib/font-awesome/HELP-US-OUT.txt\u001b[39m","time":"2017-03-12T17:32:13.531Z","v":0}
{"name":"hexo","hostname":"LAPTOP-QPNKNM95","pid":20196,"level":20,"msg":"Processed: \u001b[35msource/lib/font-awesome/bower.json\u001b[39m","time":"2017-03-12T17:32:13.540Z","v":0}
{"name":"hexo","hostname":"LAPTOP-QPNKNM95","pid":20196,"level":20,"msg":"Processed: \u001b[35msource/lib/jquery_lazyload/CONTRIBUTING.md\u001b[39m","time":"2017-03-12T17:32:13.543Z","v":0}
{"name":"hexo","hostname":"LAPTOP-QPNKNM95","pid":20196,"level":20,"msg":"Processed: \u001b[35msource/lib/jquery_lazyload/README.md\u001b[39m","time":"2017-03-12T17:32:13.545Z","v":0}
{"name":"hexo","hostname":"LAPTOP-QPNKNM95","pid":20196,"level":20,"msg":"Processed: \u001b[35msource/lib/jquery_lazyload/bower.json\u001b[39m","time":"2017-03-12T17:32:13.546Z","v":0}
{"name":"hexo","hostname":"LAPTOP-QPNKNM95","pid":20196,"level":20,"msg":"Processed: \u001b[35msource/lib/jquery_lazyload/jquery.lazyload.js\u001b[39m","time":"2017-03-12T17:32:13.549Z","v":0}
{"name":"hexo","hostname":"LAPTOP-QPNKNM95","pid":20196,"level":20,"msg":"Processed: \u001b[35msource/lib/jquery_lazyload/jquery.scrollstop.js\u001b[39m","time":"2017-03-12T17:32:13.557Z","v":0}
{"name":"hexo","hostname":"LAPTOP-QPNKNM95","pid":20196,"level":20,"msg":"Processed: \u001b[35msource/lib/velocity/bower.json\u001b[39m","time":"2017-03-12T17:32:13.558Z","v":0}
{"name":"hexo","hostname":"LAPTOP-QPNKNM95","pid":20196,"level":20,"msg":"Processed: \u001b[35msource/lib/velocity/velocity.min.js\u001b[39m","time":"2017-03-12T17:32:13.564Z","v":0}
{"name":"hexo","hostname":"LAPTOP-QPNKNM95","pid":20196,"level":20,"msg":"Processed: \u001b[35msource/lib/velocity/velocity.ui.js\u001b[39m","time":"2017-03-12T17:32:13.566Z","v":0}
{"name":"hexo","hostname":"LAPTOP-QPNKNM95","pid":20196,"level":20,"msg":"Processed: \u001b[35msource/lib/velocity/velocity.ui.min.js\u001b[39m","time":"2017-03-12T17:32:13.569Z","v":0}
{"name":"hexo","hostname":"LAPTOP-QPNKNM95","pid":20196,"level":20,"msg":"Processed: \u001b[35msource/lib/jquery/index.js\u001b[39m","time":"2017-03-12T17:32:13.607Z","v":0}
{"name":"hexo","hostname":"LAPTOP-QPNKNM95","pid":20196,"level":20,"msg":"Processed: \u001b[35mlayout/_custom/header.swig\u001b[39m","time":"2017-03-12T17:32:13.699Z","v":0}
{"name":"hexo","hostname":"LAPTOP-QPNKNM95","pid":20196,"level":20,"msg":"Processed: \u001b[35mlayout/_macro/post-collapse.swig\u001b[39m","time":"2017-03-12T17:32:13.700Z","v":0}
{"name":"hexo","hostname":"LAPTOP-QPNKNM95","pid":20196,"level":20,"msg":"Processed: \u001b[35mlayout/_custom/sidebar.swig\u001b[39m","time":"2017-03-12T17:32:13.701Z","v":0}
{"name":"hexo","hostname":"LAPTOP-QPNKNM95","pid":20196,"level":20,"msg":"Processed: \u001b[35mlayout/_macro/post.swig\u001b[39m","time":"2017-03-12T17:32:13.702Z","v":0}
{"name":"hexo","hostname":"LAPTOP-QPNKNM95","pid":20196,"level":20,"msg":"Processed: \u001b[35mlayout/_macro/reward.swig\u001b[39m","time":"2017-03-12T17:32:13.702Z","v":0}
{"name":"hexo","hostname":"LAPTOP-QPNKNM95","pid":20196,"level":20,"msg":"Processed: \u001b[35mlayout/_macro/sidebar.swig\u001b[39m","time":"2017-03-12T17:32:13.703Z","v":0}
{"name":"hexo","hostname":"LAPTOP-QPNKNM95","pid":20196,"level":20,"msg":"Processed: \u001b[35mlayout/_macro/wechat-subscriber.swig\u001b[39m","time":"2017-03-12T17:32:13.704Z","v":0}
{"name":"hexo","hostname":"LAPTOP-QPNKNM95","pid":20196,"level":20,"msg":"Processed: \u001b[35mlayout/_partials/comments.swig\u001b[39m","time":"2017-03-12T17:32:13.705Z","v":0}
{"name":"hexo","hostname":"LAPTOP-QPNKNM95","pid":20196,"level":20,"msg":"Processed: \u001b[35mlayout/_partials/duoshuo-hot-articles.swig\u001b[39m","time":"2017-03-12T17:32:13.707Z","v":0}
{"name":"hexo","hostname":"LAPTOP-QPNKNM95","pid":20196,"level":20,"msg":"Processed: \u001b[35mlayout/_partials/footer.swig\u001b[39m","time":"2017-03-12T17:32:13.708Z","v":0}
{"name":"hexo","hostname":"LAPTOP-QPNKNM95","pid":20196,"level":20,"msg":"Processed: \u001b[35mlayout/_partials/head.swig\u001b[39m","time":"2017-03-12T17:32:13.709Z","v":0}
{"name":"hexo","hostname":"LAPTOP-QPNKNM95","pid":20196,"level":20,"msg":"Processed: \u001b[35mlayout/_partials/header.swig\u001b[39m","time":"2017-03-12T17:32:13.710Z","v":0}
{"name":"hexo","hostname":"LAPTOP-QPNKNM95","pid":20196,"level":20,"msg":"Processed: \u001b[35mlayout/_partials/page-header.swig\u001b[39m","time":"2017-03-12T17:32:13.711Z","v":0}
{"name":"hexo","hostname":"LAPTOP-QPNKNM95","pid":20196,"level":20,"msg":"Processed: \u001b[35mlayout/_partials/pagination.swig\u001b[39m","time":"2017-03-12T17:32:13.711Z","v":0}
{"name":"hexo","hostname":"LAPTOP-QPNKNM95","pid":20196,"level":20,"msg":"Processed: \u001b[35mlayout/_partials/search.swig\u001b[39m","time":"2017-03-12T17:32:13.712Z","v":0}
{"name":"hexo","hostname":"LAPTOP-QPNKNM95","pid":20196,"level":20,"msg":"Processed: \u001b[35mlayout/_scripts/baidu-push.swig\u001b[39m","time":"2017-03-12T17:32:13.716Z","v":0}
{"name":"hexo","hostname":"LAPTOP-QPNKNM95","pid":20196,"level":20,"msg":"Processed: \u001b[35mlayout/_scripts/boostrap.swig\u001b[39m","time":"2017-03-12T17:32:13.716Z","v":0}
{"name":"hexo","hostname":"LAPTOP-QPNKNM95","pid":20196,"level":20,"msg":"Processed: \u001b[35mlayout/_scripts/commons.swig\u001b[39m","time":"2017-03-12T17:32:13.717Z","v":0}
{"name":"hexo","hostname":"LAPTOP-QPNKNM95","pid":20196,"level":20,"msg":"Processed: \u001b[35mlayout/_scripts/vendors.swig\u001b[39m","time":"2017-03-12T17:32:13.719Z","v":0}
{"name":"hexo","hostname":"LAPTOP-QPNKNM95","pid":20196,"level":20,"msg":"Processed: \u001b[35msource/js/src/schemes/pisces.js\u001b[39m","time":"2017-03-12T17:32:13.746Z","v":0}
{"name":"hexo","hostname":"LAPTOP-QPNKNM95","pid":20196,"level":20,"msg":"Processed: \u001b[35msource/lib/fancybox/source/blank.gif\u001b[39m","time":"2017-03-12T17:32:13.748Z","v":0}
{"name":"hexo","hostname":"LAPTOP-QPNKNM95","pid":20196,"level":20,"msg":"Processed: \u001b[35msource/lib/fancybox/source/fancybox_loading.gif\u001b[39m","time":"2017-03-12T17:32:13.749Z","v":0}
{"name":"hexo","hostname":"LAPTOP-QPNKNM95","pid":20196,"level":20,"msg":"Processed: \u001b[35msource/lib/fancybox/source/fancybox_loading@2x.gif\u001b[39m","time":"2017-03-12T17:32:13.750Z","v":0}
{"name":"hexo","hostname":"LAPTOP-QPNKNM95","pid":20196,"level":20,"msg":"Processed: \u001b[35msource/lib/fancybox/source/fancybox_sprite.png\u001b[39m","time":"2017-03-12T17:32:13.752Z","v":0}
{"name":"hexo","hostname":"LAPTOP-QPNKNM95","pid":20196,"level":20,"msg":"Processed: \u001b[35msource/lib/fancybox/source/fancybox_sprite@2x.png\u001b[39m","time":"2017-03-12T17:32:13.753Z","v":0}
{"name":"hexo","hostname":"LAPTOP-QPNKNM95","pid":20196,"level":20,"msg":"Processed: \u001b[35msource/lib/fancybox/source/fancybox_overlay.png\u001b[39m","time":"2017-03-12T17:32:13.754Z","v":0}
{"name":"hexo","hostname":"LAPTOP-QPNKNM95","pid":20196,"level":20,"msg":"Processed: \u001b[35msource/lib/fancybox/source/jquery.fancybox.css\u001b[39m","time":"2017-03-12T17:32:13.755Z","v":0}
{"name":"hexo","hostname":"LAPTOP-QPNKNM95","pid":20196,"level":20,"msg":"Processed: \u001b[35msource/lib/fancybox/source/jquery.fancybox.js\u001b[39m","time":"2017-03-12T17:32:13.761Z","v":0}
{"name":"hexo","hostname":"LAPTOP-QPNKNM95","pid":20196,"level":20,"msg":"Processed: \u001b[35msource/lib/fancybox/source/jquery.fancybox.pack.js\u001b[39m","time":"2017-03-12T17:32:13.762Z","v":0}
{"name":"hexo","hostname":"LAPTOP-QPNKNM95","pid":20196,"level":20,"msg":"Processed: \u001b[35msource/lib/fastclick/lib/fastclick.js\u001b[39m","time":"2017-03-12T17:32:13.771Z","v":0}
{"name":"hexo","hostname":"LAPTOP-QPNKNM95","pid":20196,"level":20,"msg":"Processed: \u001b[35msource/lib/fastclick/lib/fastclick.min.js\u001b[39m","time":"2017-03-12T17:32:13.774Z","v":0}
{"name":"hexo","hostname":"LAPTOP-QPNKNM95","pid":20196,"level":20,"msg":"Processed: \u001b[35msource/lib/font-awesome/css/font-awesome.css\u001b[39m","time":"2017-03-12T17:32:13.775Z","v":0}
{"name":"hexo","hostname":"LAPTOP-QPNKNM95","pid":20196,"level":20,"msg":"Processed: \u001b[35msource/lib/font-awesome/css/font-awesome.css.map\u001b[39m","time":"2017-03-12T17:32:13.776Z","v":0}
{"name":"hexo","hostname":"LAPTOP-QPNKNM95","pid":20196,"level":20,"msg":"Processed: \u001b[35msource/lib/font-awesome/css/font-awesome.min.css\u001b[39m","time":"2017-03-12T17:32:13.777Z","v":0}
{"name":"hexo","hostname":"LAPTOP-QPNKNM95","pid":20196,"level":20,"msg":"Processed: \u001b[35msource/lib/ua-parser-js/dist/ua-parser.min.js\u001b[39m","time":"2017-03-12T17:32:13.778Z","v":0}
{"name":"hexo","hostname":"LAPTOP-QPNKNM95","pid":20196,"level":20,"msg":"Processed: \u001b[35msource/lib/ua-parser-js/dist/ua-parser.pack.js\u001b[39m","time":"2017-03-12T17:32:13.780Z","v":0}
{"name":"hexo","hostname":"LAPTOP-QPNKNM95","pid":20196,"level":20,"msg":"Processed: \u001b[35mlayout/_scripts/schemes/muse.swig\u001b[39m","time":"2017-03-12T17:32:13.802Z","v":0}
{"name":"hexo","hostname":"LAPTOP-QPNKNM95","pid":20196,"level":20,"msg":"Processed: \u001b[35mlayout/_scripts/schemes/mist.swig\u001b[39m","time":"2017-03-12T17:32:13.805Z","v":0}
{"name":"hexo","hostname":"LAPTOP-QPNKNM95","pid":20196,"level":20,"msg":"Processed: \u001b[35msource/lib/font-awesome/fonts/FontAwesome.otf\u001b[39m","time":"2017-03-12T17:32:13.808Z","v":0}
{"name":"hexo","hostname":"LAPTOP-QPNKNM95","pid":20196,"level":20,"msg":"Processed: \u001b[35msource/lib/font-awesome/fonts/fontawesome-webfont.eot\u001b[39m","time":"2017-03-12T17:32:13.811Z","v":0}
{"name":"hexo","hostname":"LAPTOP-QPNKNM95","pid":20196,"level":20,"msg":"Processed: \u001b[35msource/lib/font-awesome/fonts/fontawesome-webfont.woff\u001b[39m","time":"2017-03-12T17:32:13.813Z","v":0}
{"name":"hexo","hostname":"LAPTOP-QPNKNM95","pid":20196,"level":20,"msg":"Processed: \u001b[35msource/lib/font-awesome/fonts/fontawesome-webfont.woff2\u001b[39m","time":"2017-03-12T17:32:13.815Z","v":0}
{"name":"hexo","hostname":"LAPTOP-QPNKNM95","pid":20196,"level":20,"msg":"Processed: \u001b[35msource/lib/velocity/velocity.js\u001b[39m","time":"2017-03-12T17:32:13.816Z","v":0}
{"name":"hexo","hostname":"LAPTOP-QPNKNM95","pid":20196,"level":20,"msg":"Processed: \u001b[35mlayout/_components/algolia-search/assets.swig\u001b[39m","time":"2017-03-12T17:32:13.851Z","v":0}
{"name":"hexo","hostname":"LAPTOP-QPNKNM95","pid":20196,"level":20,"msg":"Processed: \u001b[35mlayout/_components/algolia-search/dom.swig\u001b[39m","time":"2017-03-12T17:32:13.853Z","v":0}
{"name":"hexo","hostname":"LAPTOP-QPNKNM95","pid":20196,"level":20,"msg":"Processed: \u001b[35mlayout/_partials/head/custom-head.swig\u001b[39m","time":"2017-03-12T17:32:13.855Z","v":0}
{"name":"hexo","hostname":"LAPTOP-QPNKNM95","pid":20196,"level":20,"msg":"Processed: \u001b[35mlayout/_partials/head/external-fonts.swig\u001b[39m","time":"2017-03-12T17:32:13.856Z","v":0}
{"name":"hexo","hostname":"LAPTOP-QPNKNM95","pid":20196,"level":20,"msg":"Processed: \u001b[35mlayout/_partials/search/swiftype.swig\u001b[39m","time":"2017-03-12T17:32:13.857Z","v":0}
{"name":"hexo","hostname":"LAPTOP-QPNKNM95","pid":20196,"level":20,"msg":"Processed: \u001b[35mlayout/_partials/search/localsearch.swig\u001b[39m","time":"2017-03-12T17:32:13.858Z","v":0}
{"name":"hexo","hostname":"LAPTOP-QPNKNM95","pid":20196,"level":20,"msg":"Processed: \u001b[35mlayout/_partials/search/tinysou.swig\u001b[39m","time":"2017-03-12T17:32:13.858Z","v":0}
{"name":"hexo","hostname":"LAPTOP-QPNKNM95","pid":20196,"level":20,"msg":"Processed: \u001b[35mlayout/_partials/share/add-this.swig\u001b[39m","time":"2017-03-12T17:32:13.859Z","v":0}
{"name":"hexo","hostname":"LAPTOP-QPNKNM95","pid":20196,"level":20,"msg":"Processed: \u001b[35mlayout/_partials/share/baidushare.swig\u001b[39m","time":"2017-03-12T17:32:13.859Z","v":0}
{"name":"hexo","hostname":"LAPTOP-QPNKNM95","pid":20196,"level":20,"msg":"Processed: \u001b[35mlayout/_partials/share/duoshuo_share.swig\u001b[39m","time":"2017-03-12T17:32:13.860Z","v":0}
{"name":"hexo","hostname":"LAPTOP-QPNKNM95","pid":20196,"level":20,"msg":"Processed: \u001b[35mlayout/_partials/share/jiathis.swig\u001b[39m","time":"2017-03-12T17:32:13.862Z","v":0}
{"name":"hexo","hostname":"LAPTOP-QPNKNM95","pid":20196,"level":20,"msg":"Processed: \u001b[35mlayout/_scripts/pages/post-details.swig\u001b[39m","time":"2017-03-12T17:32:13.866Z","v":0}
{"name":"hexo","hostname":"LAPTOP-QPNKNM95","pid":20196,"level":20,"msg":"Processed: \u001b[35mlayout/_scripts/schemes/pisces.swig\u001b[39m","time":"2017-03-12T17:32:13.866Z","v":0}
{"name":"hexo","hostname":"LAPTOP-QPNKNM95","pid":20196,"level":20,"msg":"Processed: \u001b[35mlayout/_scripts/third-party/analytics.swig\u001b[39m","time":"2017-03-12T17:32:13.867Z","v":0}
{"name":"hexo","hostname":"LAPTOP-QPNKNM95","pid":20196,"level":20,"msg":"Processed: \u001b[35mlayout/_scripts/third-party/comments.swig\u001b[39m","time":"2017-03-12T17:32:13.869Z","v":0}
{"name":"hexo","hostname":"LAPTOP-QPNKNM95","pid":20196,"level":20,"msg":"Processed: \u001b[35mlayout/_scripts/third-party/lean-analytics.swig\u001b[39m","time":"2017-03-12T17:32:13.871Z","v":0}
{"name":"hexo","hostname":"LAPTOP-QPNKNM95","pid":20196,"level":20,"msg":"Processed: \u001b[35mlayout/_scripts/third-party/localsearch.swig\u001b[39m","time":"2017-03-12T17:32:13.871Z","v":0}
{"name":"hexo","hostname":"LAPTOP-QPNKNM95","pid":20196,"level":20,"msg":"Processed: \u001b[35mlayout/_scripts/third-party/mathjax.swig\u001b[39m","time":"2017-03-12T17:32:13.872Z","v":0}
{"name":"hexo","hostname":"LAPTOP-QPNKNM95","pid":20196,"level":20,"msg":"Processed: \u001b[35mlayout/_scripts/third-party/schedule.swig\u001b[39m","time":"2017-03-12T17:32:13.873Z","v":0}
{"name":"hexo","hostname":"LAPTOP-QPNKNM95","pid":20196,"level":20,"msg":"Processed: \u001b[35mlayout/_scripts/third-party/tinysou.swig\u001b[39m","time":"2017-03-12T17:32:13.873Z","v":0}
{"name":"hexo","hostname":"LAPTOP-QPNKNM95","pid":20196,"level":20,"msg":"Processed: \u001b[35msource/lib/fancybox/source/helpers/jquery.fancybox-buttons.css\u001b[39m","time":"2017-03-12T17:32:13.879Z","v":0}
{"name":"hexo","hostname":"LAPTOP-QPNKNM95","pid":20196,"level":20,"msg":"Processed: \u001b[35msource/lib/fancybox/source/helpers/fancybox_buttons.png\u001b[39m","time":"2017-03-12T17:32:13.881Z","v":0}
{"name":"hexo","hostname":"LAPTOP-QPNKNM95","pid":20196,"level":20,"msg":"Processed: \u001b[35msource/lib/fancybox/source/helpers/jquery.fancybox-buttons.js\u001b[39m","time":"2017-03-12T17:32:13.887Z","v":0}
{"name":"hexo","hostname":"LAPTOP-QPNKNM95","pid":20196,"level":20,"msg":"Processed: \u001b[35msource/lib/fancybox/source/helpers/jquery.fancybox-media.js\u001b[39m","time":"2017-03-12T17:32:13.890Z","v":0}
{"name":"hexo","hostname":"LAPTOP-QPNKNM95","pid":20196,"level":20,"msg":"Processed: \u001b[35msource/lib/fancybox/source/helpers/jquery.fancybox-thumbs.css\u001b[39m","time":"2017-03-12T17:32:13.891Z","v":0}
{"name":"hexo","hostname":"LAPTOP-QPNKNM95","pid":20196,"level":20,"msg":"Processed: \u001b[35msource/lib/fancybox/source/helpers/jquery.fancybox-thumbs.js\u001b[39m","time":"2017-03-12T17:32:13.892Z","v":0}
{"name":"hexo","hostname":"LAPTOP-QPNKNM95","pid":20196,"level":20,"msg":"Processed: \u001b[35msource/lib/font-awesome/fonts/fontawesome-webfont.ttf\u001b[39m","time":"2017-03-12T17:32:13.893Z","v":0}
{"name":"hexo","hostname":"LAPTOP-QPNKNM95","pid":20196,"level":20,"msg":"Processed: \u001b[35mlayout/_scripts/third-party/analytics/application-insights.swig\u001b[39m","time":"2017-03-12T17:32:13.935Z","v":0}
{"name":"hexo","hostname":"LAPTOP-QPNKNM95","pid":20196,"level":20,"msg":"Processed: \u001b[35mlayout/_scripts/third-party/analytics/baidu-analytics.swig\u001b[39m","time":"2017-03-12T17:32:13.936Z","v":0}
{"name":"hexo","hostname":"LAPTOP-QPNKNM95","pid":20196,"level":20,"msg":"Processed: \u001b[35mlayout/_scripts/third-party/analytics/busuanzi-counter.swig\u001b[39m","time":"2017-03-12T17:32:13.937Z","v":0}
{"name":"hexo","hostname":"LAPTOP-QPNKNM95","pid":20196,"level":20,"msg":"Processed: \u001b[35mlayout/_scripts/third-party/analytics/cnzz-analytics.swig\u001b[39m","time":"2017-03-12T17:32:13.938Z","v":0}
{"name":"hexo","hostname":"LAPTOP-QPNKNM95","pid":20196,"level":20,"msg":"Processed: \u001b[35mlayout/_scripts/third-party/analytics/facebook-sdk.swig\u001b[39m","time":"2017-03-12T17:32:13.939Z","v":0}
{"name":"hexo","hostname":"LAPTOP-QPNKNM95","pid":20196,"level":20,"msg":"Processed: \u001b[35mlayout/_scripts/third-party/analytics/google-analytics.swig\u001b[39m","time":"2017-03-12T17:32:13.940Z","v":0}
{"name":"hexo","hostname":"LAPTOP-QPNKNM95","pid":20196,"level":20,"msg":"Processed: \u001b[35mlayout/_scripts/third-party/analytics/tencent-analytics.swig\u001b[39m","time":"2017-03-12T17:32:13.942Z","v":0}
{"name":"hexo","hostname":"LAPTOP-QPNKNM95","pid":20196,"level":20,"msg":"Processed: \u001b[35mlayout/_scripts/third-party/analytics/tencent-mta.swig\u001b[39m","time":"2017-03-12T17:32:13.947Z","v":0}
{"name":"hexo","hostname":"LAPTOP-QPNKNM95","pid":20196,"level":20,"msg":"Processed: \u001b[35mlayout/_scripts/third-party/analytics/vkontakte-api.swig\u001b[39m","time":"2017-03-12T17:32:13.949Z","v":0}
{"name":"hexo","hostname":"LAPTOP-QPNKNM95","pid":20196,"level":20,"msg":"Processed: \u001b[35mlayout/_scripts/third-party/comments/disqus.swig\u001b[39m","time":"2017-03-12T17:32:13.949Z","v":0}
{"name":"hexo","hostname":"LAPTOP-QPNKNM95","pid":20196,"level":20,"msg":"Processed: \u001b[35mlayout/_scripts/third-party/comments/duoshuo.swig\u001b[39m","time":"2017-03-12T17:32:13.950Z","v":0}
{"name":"hexo","hostname":"LAPTOP-QPNKNM95","pid":20196,"level":20,"msg":"Processed: \u001b[35mlayout/_scripts/third-party/comments/gentie.swig\u001b[39m","time":"2017-03-12T17:32:13.951Z","v":0}
{"name":"hexo","hostname":"LAPTOP-QPNKNM95","pid":20196,"level":20,"msg":"Processed: \u001b[35mlayout/_scripts/third-party/comments/hypercomments.swig\u001b[39m","time":"2017-03-12T17:32:13.953Z","v":0}
{"name":"hexo","hostname":"LAPTOP-QPNKNM95","pid":20196,"level":20,"msg":"Processed: \u001b[35mlayout/_scripts/third-party/comments/livere.swig\u001b[39m","time":"2017-03-12T17:32:13.953Z","v":0}
{"name":"hexo","hostname":"LAPTOP-QPNKNM95","pid":20196,"level":20,"msg":"Processed: \u001b[35msource/lib/algolia-instant-search/instantsearch.min.js\u001b[39m","time":"2017-03-12T17:32:13.955Z","v":0}
{"name":"hexo","hostname":"LAPTOP-QPNKNM95","pid":20196,"level":20,"msg":"Processed: \u001b[35mlayout/_scripts/third-party/comments/youyan.swig\u001b[39m","time":"2017-03-12T17:32:13.962Z","v":0}
{"name":"hexo","hostname":"LAPTOP-QPNKNM95","pid":20196,"level":20,"msg":"Processed: \u001b[35msource/lib/font-awesome/fonts/fontawesome-webfont.svg\u001b[39m","time":"2017-03-12T17:32:13.963Z","v":0}
{"name":"hexo","hostname":"LAPTOP-QPNKNM95","pid":20196,"level":20,"msg":"Generator: \u001b[35mpage\u001b[39m","time":"2017-03-12T17:32:14.307Z","v":0}
{"name":"hexo","hostname":"LAPTOP-QPNKNM95","pid":20196,"level":20,"msg":"Generator: \u001b[35mpost\u001b[39m","time":"2017-03-12T17:32:14.309Z","v":0}
{"name":"hexo","hostname":"LAPTOP-QPNKNM95","pid":20196,"level":20,"msg":"Generator: \u001b[35marchive\u001b[39m","time":"2017-03-12T17:32:14.310Z","v":0}
{"name":"hexo","hostname":"LAPTOP-QPNKNM95","pid":20196,"level":20,"msg":"Generator: \u001b[35mcategory\u001b[39m","time":"2017-03-12T17:32:14.310Z","v":0}
{"name":"hexo","hostname":"LAPTOP-QPNKNM95","pid":20196,"level":20,"msg":"Generator: \u001b[35mindex\u001b[39m","time":"2017-03-12T17:32:14.311Z","v":0}
{"name":"hexo","hostname":"LAPTOP-QPNKNM95","pid":20196,"level":20,"msg":"Generator: \u001b[35mtag\u001b[39m","time":"2017-03-12T17:32:14.311Z","v":0}
{"name":"hexo","hostname":"LAPTOP-QPNKNM95","pid":20196,"level":20,"msg":"Generator: \u001b[35masset\u001b[39m","time":"2017-03-12T17:32:14.314Z","v":0}
{"name":"hexo","hostname":"LAPTOP-QPNKNM95","pid":20196,"level":30,"msg":"Hexo is running at \u001b[4mhttp://localhost:4000/\u001b[24m. Press Ctrl+C to stop.","time":"2017-03-12T17:32:14.333Z","v":0}
{"name":"hexo","hostname":"LAPTOP-QPNKNM95","pid":20196,"level":20,"msg":"Database saved","time":"2017-03-12T17:32:14.364Z","v":0}
{"name":"hexo","hostname":"LAPTOP-QPNKNM95","pid":20196,"level":20,"msg":"Rendering index: \u001b[35mindex.html\u001b[39m","time":"2017-03-12T17:32:16.643Z","v":0}
{"name":"hexo","hostname":"LAPTOP-QPNKNM95","pid":20196,"level":20,"msg":"Processed: \u001b[35m_posts/test2.md\u001b[39m","time":"2017-03-12T17:33:16.749Z","v":0}
{"name":"hexo","hostname":"LAPTOP-QPNKNM95","pid":20196,"level":20,"msg":"Processed: \u001b[35m_posts/test.md\u001b[39m","time":"2017-03-12T17:33:17.174Z","v":0}
{"name":"hexo","hostname":"LAPTOP-QPNKNM95","pid":20196,"level":20,"msg":"Generator: \u001b[35mpage\u001b[39m","time":"2017-03-12T17:33:17.418Z","v":0}
{"name":"hexo","hostname":"LAPTOP-QPNKNM95","pid":20196,"level":20,"msg":"Generator: \u001b[35mpost\u001b[39m","time":"2017-03-12T17:33:17.432Z","v":0}
{"name":"hexo","hostname":"LAPTOP-QPNKNM95","pid":20196,"level":20,"msg":"Generator: \u001b[35marchive\u001b[39m","time":"2017-03-12T17:33:17.434Z","v":0}
{"name":"hexo","hostname":"LAPTOP-QPNKNM95","pid":20196,"level":20,"msg":"Generator: \u001b[35mcategory\u001b[39m","time":"2017-03-12T17:33:17.434Z","v":0}
{"name":"hexo","hostname":"LAPTOP-QPNKNM95","pid":20196,"level":20,"msg":"Generator: \u001b[35mindex\u001b[39m","time":"2017-03-12T17:33:17.435Z","v":0}
{"name":"hexo","hostname":"LAPTOP-QPNKNM95","pid":20196,"level":20,"msg":"Generator: \u001b[35mtag\u001b[39m","time":"2017-03-12T17:33:17.447Z","v":0}
{"name":"hexo","hostname":"LAPTOP-QPNKNM95","pid":20196,"level":20,"msg":"Generator: \u001b[35masset\u001b[39m","time":"2017-03-12T17:33:17.496Z","v":0}
{"name":"hexo","hostname":"LAPTOP-QPNKNM95","pid":20196,"level":20,"msg":"Processed: \u001b[35m_posts/hello-world.md\u001b[39m","time":"2017-03-12T17:33:23.550Z","v":0}
{"name":"hexo","hostname":"LAPTOP-QPNKNM95","pid":20196,"level":20,"msg":"Generator: \u001b[35mpage\u001b[39m","time":"2017-03-12T17:33:23.753Z","v":0}
{"name":"hexo","hostname":"LAPTOP-QPNKNM95","pid":20196,"level":20,"msg":"Generator: \u001b[35mpost\u001b[39m","time":"2017-03-12T17:33:23.754Z","v":0}
{"name":"hexo","hostname":"LAPTOP-QPNKNM95","pid":20196,"level":20,"msg":"Generator: \u001b[35marchive\u001b[39m","time":"2017-03-12T17:33:23.754Z","v":0}
{"name":"hexo","hostname":"LAPTOP-QPNKNM95","pid":20196,"level":20,"msg":"Generator: \u001b[35mcategory\u001b[39m","time":"2017-03-12T17:33:23.755Z","v":0}
{"name":"hexo","hostname":"LAPTOP-QPNKNM95","pid":20196,"level":20,"msg":"Generator: \u001b[35mindex\u001b[39m","time":"2017-03-12T17:33:23.756Z","v":0}
{"name":"hexo","hostname":"LAPTOP-QPNKNM95","pid":20196,"level":20,"msg":"Generator: \u001b[35mtag\u001b[39m","time":"2017-03-12T17:33:23.760Z","v":0}
{"name":"hexo","hostname":"LAPTOP-QPNKNM95","pid":20196,"level":20,"msg":"Generator: \u001b[35masset\u001b[39m","time":"2017-03-12T17:33:23.762Z","v":0}
{"name":"hexo","hostname":"LAPTOP-QPNKNM95","pid":20196,"level":20,"msg":"Rendering index: \u001b[35mindex.html\u001b[39m","time":"2017-03-12T17:36:10.848Z","v":0}
{"name":"hexo","hostname":"LAPTOP-QPNKNM95","pid":20196,"level":20,"msg":"Rendering index: \u001b[35mindex.html\u001b[39m","time":"2017-03-12T17:36:20.965Z","v":0}
{"name":"hexo","hostname":"LAPTOP-QPNKNM95","pid":20196,"level":30,"msg":"Have a nice day","time":"2017-03-12T17:36:33.496Z","v":0}
{"name":"hexo","hostname":"LAPTOP-QPNKNM95","pid":20196,"level":20,"msg":"Database saved","time":"2017-03-12T17:36:33.553Z","v":0}
{"name":"hexo","hostname":"LAPTOP-QPNKNM95","pid":10164,"level":20,"msg":"Hexo version: \u001b[35m3.2.2\u001b[39m","time":"2017-03-12T17:36:40.321Z","v":0}
{"name":"hexo","hostname":"LAPTOP-QPNKNM95","pid":10164,"level":20,"msg":"Working directory: \u001b[35mD:\\GitRepo\\xingzheng.me1\\xingzheng.me\\\u001b[39m","time":"2017-03-12T17:36:40.325Z","v":0}
{"name":"hexo","hostname":"LAPTOP-QPNKNM95","pid":10164,"level":20,"msg":"Config loaded: \u001b[35mD:\\GitRepo\\xingzheng.me1\\xingzheng.me\\_config.yml\u001b[39m","time":"2017-03-12T17:36:40.576Z","v":0}
{"name":"hexo","hostname":"LAPTOP-QPNKNM95","pid":10164,"level":20,"msg":"Script loaded: \u001b[35mthemes\\next\\scripts\\merge-configs.js\u001b[39m","time":"2017-03-12T17:36:40.646Z","v":0}
{"name":"hexo","hostname":"LAPTOP-QPNKNM95","pid":10164,"level":20,"msg":"Script loaded: \u001b[35mthemes\\next\\scripts\\merge.js\u001b[39m","time":"2017-03-12T17:36:40.663Z","v":0}
{"name":"hexo","hostname":"LAPTOP-QPNKNM95","pid":10164,"level":20,"msg":"Script loaded: \u001b[35mthemes\\next\\scripts\\tags\\button.js\u001b[39m","time":"2017-03-12T17:36:40.668Z","v":0}
{"name":"hexo","hostname":"LAPTOP-QPNKNM95","pid":10164,"level":20,"msg":"Script loaded: \u001b[35mthemes\\next\\scripts\\tags\\center-quote.js\u001b[39m","time":"2017-03-12T17:36:40.669Z","v":0}
{"name":"hexo","hostname":"LAPTOP-QPNKNM95","pid":10164,"level":20,"msg":"Script loaded: \u001b[35mthemes\\next\\scripts\\tags\\exturl.js\u001b[39m","time":"2017-03-12T17:36:40.671Z","v":0}
{"name":"hexo","hostname":"LAPTOP-QPNKNM95","pid":10164,"level":20,"msg":"Script loaded: \u001b[35mthemes\\next\\scripts\\tags\\full-image.js\u001b[39m","time":"2017-03-12T17:36:40.675Z","v":0}
{"name":"hexo","hostname":"LAPTOP-QPNKNM95","pid":10164,"level":20,"msg":"Script loaded: \u001b[35mthemes\\next\\scripts\\tags\\note.js\u001b[39m","time":"2017-03-12T17:36:40.681Z","v":0}
{"name":"hexo","hostname":"LAPTOP-QPNKNM95","pid":10164,"level":20,"msg":"Script loaded: \u001b[35mthemes\\next\\scripts\\tags\\group-pictures.js\u001b[39m","time":"2017-03-12T17:36:40.684Z","v":0}
{"name":"hexo","hostname":"LAPTOP-QPNKNM95","pid":10164,"level":20,"msg":"Plugin loaded: \u001b[35mhexo-cli\u001b[39m","time":"2017-03-12T17:36:40.712Z","v":0}
{"name":"hexo","hostname":"LAPTOP-QPNKNM95","pid":10164,"level":20,"msg":"Plugin loaded: \u001b[35mhexo-deployer-git\u001b[39m","time":"2017-03-12T17:36:40.717Z","v":0}
{"name":"hexo","hostname":"LAPTOP-QPNKNM95","pid":10164,"level":20,"msg":"Plugin loaded: \u001b[35mhexo-generator-archive\u001b[39m","time":"2017-03-12T17:36:40.730Z","v":0}
{"name":"hexo","hostname":"LAPTOP-QPNKNM95","pid":10164,"level":20,"msg":"Plugin loaded: \u001b[35mhexo-generator-category\u001b[39m","time":"2017-03-12T17:36:40.736Z","v":0}
{"name":"hexo","hostname":"LAPTOP-QPNKNM95","pid":10164,"level":20,"msg":"Plugin loaded: \u001b[35mhexo-generator-index\u001b[39m","time":"2017-03-12T17:36:40.742Z","v":0}
{"name":"hexo","hostname":"LAPTOP-QPNKNM95","pid":10164,"level":20,"msg":"Plugin loaded: \u001b[35mhexo-generator-tag\u001b[39m","time":"2017-03-12T17:36:40.745Z","v":0}
{"name":"hexo","hostname":"LAPTOP-QPNKNM95","pid":10164,"level":20,"msg":"Plugin loaded: \u001b[35mhexo-renderer-ejs\u001b[39m","time":"2017-03-12T17:36:40.751Z","v":0}
{"name":"hexo","hostname":"LAPTOP-QPNKNM95","pid":10164,"level":20,"msg":"Plugin loaded: \u001b[35mhexo-renderer-marked\u001b[39m","time":"2017-03-12T17:36:40.767Z","v":0}
{"name":"hexo","hostname":"LAPTOP-QPNKNM95","pid":10164,"level":20,"msg":"Plugin loaded: \u001b[35mhexo-renderer-stylus\u001b[39m","time":"2017-03-12T17:36:40.771Z","v":0}
{"name":"hexo","hostname":"LAPTOP-QPNKNM95","pid":10164,"level":20,"msg":"Plugin loaded: \u001b[35mhexo-server\u001b[39m","time":"2017-03-12T17:36:40.910Z","v":0}
{"name":"hexo","hostname":"LAPTOP-QPNKNM95","pid":10164,"level":20,"msg":"Loading database.","time":"2017-03-12T17:36:40.922Z","v":0}
{"name":"hexo","hostname":"LAPTOP-QPNKNM95","pid":10164,"level":30,"msg":"Start processing","time":"2017-03-12T17:36:41.040Z","v":0}
{"name":"hexo","hostname":"LAPTOP-QPNKNM95","pid":10164,"level":20,"msg":"Processed: \u001b[35mCNAME\u001b[39m","time":"2017-03-12T17:36:41.138Z","v":0}
{"name":"hexo","hostname":"LAPTOP-QPNKNM95","pid":10164,"level":20,"msg":"Processed: \u001b[35m_posts/GitHub-Pages-如何绑定自定义域名.md\u001b[39m","time":"2017-03-12T17:36:41.209Z","v":0}
{"name":"hexo","hostname":"LAPTOP-QPNKNM95","pid":10164,"level":20,"msg":"Processed: \u001b[35m_posts/Git学习之如何push本地仓库到远程.md\u001b[39m","time":"2017-03-12T17:36:41.210Z","v":0}
{"name":"hexo","hostname":"LAPTOP-QPNKNM95","pid":10164,"level":20,"msg":"Processed: \u001b[35m_posts/hello-world.md\u001b[39m","time":"2017-03-12T17:36:41.211Z","v":0}
{"name":"hexo","hostname":"LAPTOP-QPNKNM95","pid":10164,"level":20,"msg":"Processed: \u001b[35m_posts/test.md\u001b[39m","time":"2017-03-12T17:36:41.212Z","v":0}
{"name":"hexo","hostname":"LAPTOP-QPNKNM95","pid":10164,"level":20,"msg":"Processed: \u001b[35m_posts/test2.md\u001b[39m","time":"2017-03-12T17:36:41.213Z","v":0}
{"name":"hexo","hostname":"LAPTOP-QPNKNM95","pid":10164,"level":20,"msg":"Theme config loaded.","time":"2017-03-12T17:36:41.356Z","v":0}
{"name":"hexo","hostname":"LAPTOP-QPNKNM95","pid":10164,"level":20,"msg":"Processed: \u001b[35m_config.yml\u001b[39m","time":"2017-03-12T17:36:41.360Z","v":0}
{"name":"hexo","hostname":"LAPTOP-QPNKNM95","pid":10164,"level":20,"msg":"Processed: \u001b[35msource/css/main.styl\u001b[39m","time":"2017-03-12T17:36:41.362Z","v":0}
{"name":"hexo","hostname":"LAPTOP-QPNKNM95","pid":10164,"level":20,"msg":"Processed: \u001b[35msource/images/algolia_logo.svg\u001b[39m","time":"2017-03-12T17:36:41.363Z","v":0}
{"name":"hexo","hostname":"LAPTOP-QPNKNM95","pid":10164,"level":20,"msg":"Processed: \u001b[35msource/images/avatar.gif\u001b[39m","time":"2017-03-12T17:36:41.364Z","v":0}
{"name":"hexo","hostname":"LAPTOP-QPNKNM95","pid":10164,"level":20,"msg":"Processed: \u001b[35msource/images/cc-by-nc-nd.svg\u001b[39m","time":"2017-03-12T17:36:41.365Z","v":0}
{"name":"hexo","hostname":"LAPTOP-QPNKNM95","pid":10164,"level":20,"msg":"Processed: \u001b[35msource/images/cc-by-nc-sa.svg\u001b[39m","time":"2017-03-12T17:36:41.366Z","v":0}
{"name":"hexo","hostname":"LAPTOP-QPNKNM95","pid":10164,"level":20,"msg":"Processed: \u001b[35msource/images/cc-by-nc.svg\u001b[39m","time":"2017-03-12T17:36:41.367Z","v":0}
{"name":"hexo","hostname":"LAPTOP-QPNKNM95","pid":10164,"level":20,"msg":"Processed: \u001b[35msource/images/cc-by-nd.svg\u001b[39m","time":"2017-03-12T17:36:41.372Z","v":0}
{"name":"hexo","hostname":"LAPTOP-QPNKNM95","pid":10164,"level":20,"msg":"Processed: \u001b[35msource/images/cc-by-sa.svg\u001b[39m","time":"2017-03-12T17:36:41.377Z","v":0}
{"name":"hexo","hostname":"LAPTOP-QPNKNM95","pid":10164,"level":20,"msg":"Processed: \u001b[35msource/images/cc-by.svg\u001b[39m","time":"2017-03-12T17:36:41.378Z","v":0}
{"name":"hexo","hostname":"LAPTOP-QPNKNM95","pid":10164,"level":20,"msg":"Processed: \u001b[35msource/images/cc-zero.svg\u001b[39m","time":"2017-03-12T17:36:41.379Z","v":0}
{"name":"hexo","hostname":"LAPTOP-QPNKNM95","pid":10164,"level":20,"msg":"Processed: \u001b[35msource/images/loading.gif\u001b[39m","time":"2017-03-12T17:36:41.382Z","v":0}
{"name":"hexo","hostname":"LAPTOP-QPNKNM95","pid":10164,"level":20,"msg":"Processed: \u001b[35msource/images/placeholder.gif\u001b[39m","time":"2017-03-12T17:36:41.384Z","v":0}
{"name":"hexo","hostname":"LAPTOP-QPNKNM95","pid":10164,"level":20,"msg":"Processed: \u001b[35msource/images/quote-r.svg\u001b[39m","time":"2017-03-12T17:36:41.384Z","v":0}
{"name":"hexo","hostname":"LAPTOP-QPNKNM95","pid":10164,"level":20,"msg":"Processed: \u001b[35msource/images/quote-l.svg\u001b[39m","time":"2017-03-12T17:36:41.386Z","v":0}
{"name":"hexo","hostname":"LAPTOP-QPNKNM95","pid":10164,"level":20,"msg":"Processed: \u001b[35msource/images/searchicon.png\u001b[39m","time":"2017-03-12T17:36:41.390Z","v":0}
{"name":"hexo","hostname":"LAPTOP-QPNKNM95","pid":10164,"level":20,"msg":"Processed: \u001b[35mlayout/_layout.swig\u001b[39m","time":"2017-03-12T17:36:41.690Z","v":0}
{"name":"hexo","hostname":"LAPTOP-QPNKNM95","pid":10164,"level":20,"msg":"Processed: \u001b[35mlayout/archive.swig\u001b[39m","time":"2017-03-12T17:36:41.693Z","v":0}
{"name":"hexo","hostname":"LAPTOP-QPNKNM95","pid":10164,"level":20,"msg":"Processed: \u001b[35mlayout/category.swig\u001b[39m","time":"2017-03-12T17:36:41.694Z","v":0}
{"name":"hexo","hostname":"LAPTOP-QPNKNM95","pid":10164,"level":20,"msg":"Processed: \u001b[35mlayout/post.swig\u001b[39m","time":"2017-03-12T17:36:41.695Z","v":0}
{"name":"hexo","hostname":"LAPTOP-QPNKNM95","pid":10164,"level":20,"msg":"Processed: \u001b[35mlayout/index.swig\u001b[39m","time":"2017-03-12T17:36:41.697Z","v":0}
{"name":"hexo","hostname":"LAPTOP-QPNKNM95","pid":10164,"level":20,"msg":"Processed: \u001b[35mlayout/schedule.swig\u001b[39m","time":"2017-03-12T17:36:41.698Z","v":0}
{"name":"hexo","hostname":"LAPTOP-QPNKNM95","pid":10164,"level":20,"msg":"Processed: \u001b[35mlayout/page.swig\u001b[39m","time":"2017-03-12T17:36:41.699Z","v":0}
{"name":"hexo","hostname":"LAPTOP-QPNKNM95","pid":10164,"level":20,"msg":"Processed: \u001b[35mlayout/tag.swig\u001b[39m","time":"2017-03-12T17:36:41.700Z","v":0}
{"name":"hexo","hostname":"LAPTOP-QPNKNM95","pid":10164,"level":20,"msg":"Processed: \u001b[35mlanguages/de.yml\u001b[39m","time":"2017-03-12T17:36:41.718Z","v":0}
{"name":"hexo","hostname":"LAPTOP-QPNKNM95","pid":10164,"level":20,"msg":"Processed: \u001b[35mlanguages/default.yml\u001b[39m","time":"2017-03-12T17:36:41.722Z","v":0}
{"name":"hexo","hostname":"LAPTOP-QPNKNM95","pid":10164,"level":20,"msg":"Processed: \u001b[35mlanguages/en.yml\u001b[39m","time":"2017-03-12T17:36:41.723Z","v":0}
{"name":"hexo","hostname":"LAPTOP-QPNKNM95","pid":10164,"level":20,"msg":"Processed: \u001b[35mlanguages/fr-FR.yml\u001b[39m","time":"2017-03-12T17:36:41.724Z","v":0}
{"name":"hexo","hostname":"LAPTOP-QPNKNM95","pid":10164,"level":20,"msg":"Processed: \u001b[35mlanguages/id.yml\u001b[39m","time":"2017-03-12T17:36:41.724Z","v":0}
{"name":"hexo","hostname":"LAPTOP-QPNKNM95","pid":10164,"level":20,"msg":"Processed: \u001b[35mlanguages/ko.yml\u001b[39m","time":"2017-03-12T17:36:41.727Z","v":0}
{"name":"hexo","hostname":"LAPTOP-QPNKNM95","pid":10164,"level":20,"msg":"Processed: \u001b[35mlanguages/ja.yml\u001b[39m","time":"2017-03-12T17:36:41.731Z","v":0}
{"name":"hexo","hostname":"LAPTOP-QPNKNM95","pid":10164,"level":20,"msg":"Processed: \u001b[35mlanguages/pt.yml\u001b[39m","time":"2017-03-12T17:36:41.732Z","v":0}
{"name":"hexo","hostname":"LAPTOP-QPNKNM95","pid":10164,"level":20,"msg":"Processed: \u001b[35mlanguages/ru.yml\u001b[39m","time":"2017-03-12T17:36:41.733Z","v":0}
{"name":"hexo","hostname":"LAPTOP-QPNKNM95","pid":10164,"level":20,"msg":"Processed: \u001b[35mlanguages/zh-Hans.yml\u001b[39m","time":"2017-03-12T17:36:41.736Z","v":0}
{"name":"hexo","hostname":"LAPTOP-QPNKNM95","pid":10164,"level":20,"msg":"Processed: \u001b[35mlanguages/pt-BR.yml\u001b[39m","time":"2017-03-12T17:36:41.737Z","v":0}
{"name":"hexo","hostname":"LAPTOP-QPNKNM95","pid":10164,"level":20,"msg":"Processed: \u001b[35mlanguages/zh-hk.yml\u001b[39m","time":"2017-03-12T17:36:41.738Z","v":0}
{"name":"hexo","hostname":"LAPTOP-QPNKNM95","pid":10164,"level":20,"msg":"Processed: \u001b[35mlanguages/zh-tw.yml\u001b[39m","time":"2017-03-12T17:36:41.739Z","v":0}
{"name":"hexo","hostname":"LAPTOP-QPNKNM95","pid":10164,"level":20,"msg":"Processed: \u001b[35msource/js/src/affix.js\u001b[39m","time":"2017-03-12T17:36:41.740Z","v":0}
{"name":"hexo","hostname":"LAPTOP-QPNKNM95","pid":10164,"level":20,"msg":"Processed: \u001b[35msource/js/src/algolia-search.js\u001b[39m","time":"2017-03-12T17:36:41.742Z","v":0}
{"name":"hexo","hostname":"LAPTOP-QPNKNM95","pid":10164,"level":20,"msg":"Processed: \u001b[35msource/js/src/bootstrap.js\u001b[39m","time":"2017-03-12T17:36:41.745Z","v":0}
{"name":"hexo","hostname":"LAPTOP-QPNKNM95","pid":10164,"level":20,"msg":"Processed: \u001b[35msource/js/src/exturl.js\u001b[39m","time":"2017-03-12T17:36:41.746Z","v":0}
{"name":"hexo","hostname":"LAPTOP-QPNKNM95","pid":10164,"level":20,"msg":"Processed: \u001b[35msource/js/src/hook-duoshuo.js\u001b[39m","time":"2017-03-12T17:36:41.748Z","v":0}
{"name":"hexo","hostname":"LAPTOP-QPNKNM95","pid":10164,"level":20,"msg":"Processed: \u001b[35msource/js/src/motion.js\u001b[39m","time":"2017-03-12T17:36:41.750Z","v":0}
{"name":"hexo","hostname":"LAPTOP-QPNKNM95","pid":10164,"level":20,"msg":"Processed: \u001b[35msource/js/src/post-details.js\u001b[39m","time":"2017-03-12T17:36:41.751Z","v":0}
{"name":"hexo","hostname":"LAPTOP-QPNKNM95","pid":10164,"level":20,"msg":"Processed: \u001b[35msource/js/src/scrollspy.js\u001b[39m","time":"2017-03-12T17:36:41.752Z","v":0}
{"name":"hexo","hostname":"LAPTOP-QPNKNM95","pid":10164,"level":20,"msg":"Processed: \u001b[35msource/js/src/utils.js\u001b[39m","time":"2017-03-12T17:36:41.753Z","v":0}
{"name":"hexo","hostname":"LAPTOP-QPNKNM95","pid":10164,"level":20,"msg":"Processed: \u001b[35msource/lib/algolia-instant-search/instantsearch.min.css\u001b[39m","time":"2017-03-12T17:36:41.757Z","v":0}
{"name":"hexo","hostname":"LAPTOP-QPNKNM95","pid":10164,"level":20,"msg":"Processed: \u001b[35msource/lib/canvas-nest/canvas-nest.min.js\u001b[39m","time":"2017-03-12T17:36:41.761Z","v":0}
{"name":"hexo","hostname":"LAPTOP-QPNKNM95","pid":10164,"level":20,"msg":"Processed: \u001b[35msource/lib/fastclick/LICENSE\u001b[39m","time":"2017-03-12T17:36:41.772Z","v":0}
{"name":"hexo","hostname":"LAPTOP-QPNKNM95","pid":10164,"level":20,"msg":"Processed: \u001b[35msource/lib/fastclick/README.md\u001b[39m","time":"2017-03-12T17:36:41.773Z","v":0}
{"name":"hexo","hostname":"LAPTOP-QPNKNM95","pid":10164,"level":20,"msg":"Processed: \u001b[35msource/lib/fastclick/bower.json\u001b[39m","time":"2017-03-12T17:36:41.773Z","v":0}
{"name":"hexo","hostname":"LAPTOP-QPNKNM95","pid":10164,"level":20,"msg":"Processed: \u001b[35msource/lib/font-awesome/HELP-US-OUT.txt\u001b[39m","time":"2017-03-12T17:36:41.776Z","v":0}
{"name":"hexo","hostname":"LAPTOP-QPNKNM95","pid":10164,"level":20,"msg":"Processed: \u001b[35msource/lib/font-awesome/bower.json\u001b[39m","time":"2017-03-12T17:36:41.778Z","v":0}
{"name":"hexo","hostname":"LAPTOP-QPNKNM95","pid":10164,"level":20,"msg":"Processed: \u001b[35msource/lib/jquery_lazyload/CONTRIBUTING.md\u001b[39m","time":"2017-03-12T17:36:41.785Z","v":0}
{"name":"hexo","hostname":"LAPTOP-QPNKNM95","pid":10164,"level":20,"msg":"Processed: \u001b[35msource/lib/jquery_lazyload/README.md\u001b[39m","time":"2017-03-12T17:36:41.791Z","v":0}
{"name":"hexo","hostname":"LAPTOP-QPNKNM95","pid":10164,"level":20,"msg":"Processed: \u001b[35msource/lib/jquery_lazyload/bower.json\u001b[39m","time":"2017-03-12T17:36:41.794Z","v":0}
{"name":"hexo","hostname":"LAPTOP-QPNKNM95","pid":10164,"level":20,"msg":"Processed: \u001b[35msource/lib/jquery_lazyload/jquery.lazyload.js\u001b[39m","time":"2017-03-12T17:36:41.800Z","v":0}
{"name":"hexo","hostname":"LAPTOP-QPNKNM95","pid":10164,"level":20,"msg":"Processed: \u001b[35msource/lib/jquery_lazyload/jquery.scrollstop.js\u001b[39m","time":"2017-03-12T17:36:41.801Z","v":0}
{"name":"hexo","hostname":"LAPTOP-QPNKNM95","pid":10164,"level":20,"msg":"Processed: \u001b[35msource/lib/velocity/bower.json\u001b[39m","time":"2017-03-12T17:36:41.832Z","v":0}
{"name":"hexo","hostname":"LAPTOP-QPNKNM95","pid":10164,"level":20,"msg":"Processed: \u001b[35msource/lib/velocity/velocity.min.js\u001b[39m","time":"2017-03-12T17:36:41.834Z","v":0}
{"name":"hexo","hostname":"LAPTOP-QPNKNM95","pid":10164,"level":20,"msg":"Processed: \u001b[35msource/lib/velocity/velocity.ui.js\u001b[39m","time":"2017-03-12T17:36:41.835Z","v":0}
{"name":"hexo","hostname":"LAPTOP-QPNKNM95","pid":10164,"level":20,"msg":"Processed: \u001b[35msource/lib/velocity/velocity.ui.min.js\u001b[39m","time":"2017-03-12T17:36:41.837Z","v":0}
{"name":"hexo","hostname":"LAPTOP-QPNKNM95","pid":10164,"level":20,"msg":"Processed: \u001b[35msource/lib/jquery/index.js\u001b[39m","time":"2017-03-12T17:36:41.839Z","v":0}
{"name":"hexo","hostname":"LAPTOP-QPNKNM95","pid":10164,"level":20,"msg":"Processed: \u001b[35mlayout/_custom/header.swig\u001b[39m","time":"2017-03-12T17:36:41.924Z","v":0}
{"name":"hexo","hostname":"LAPTOP-QPNKNM95","pid":10164,"level":20,"msg":"Processed: \u001b[35mlayout/_partials/comments.swig\u001b[39m","time":"2017-03-12T17:36:41.925Z","v":0}
{"name":"hexo","hostname":"LAPTOP-QPNKNM95","pid":10164,"level":20,"msg":"Processed: \u001b[35mlayout/_custom/sidebar.swig\u001b[39m","time":"2017-03-12T17:36:41.926Z","v":0}
{"name":"hexo","hostname":"LAPTOP-QPNKNM95","pid":10164,"level":20,"msg":"Processed: \u001b[35mlayout/_partials/duoshuo-hot-articles.swig\u001b[39m","time":"2017-03-12T17:36:41.926Z","v":0}
{"name":"hexo","hostname":"LAPTOP-QPNKNM95","pid":10164,"level":20,"msg":"Processed: \u001b[35mlayout/_partials/footer.swig\u001b[39m","time":"2017-03-12T17:36:41.927Z","v":0}
{"name":"hexo","hostname":"LAPTOP-QPNKNM95","pid":10164,"level":20,"msg":"Processed: \u001b[35mlayout/_partials/head.swig\u001b[39m","time":"2017-03-12T17:36:41.931Z","v":0}
{"name":"hexo","hostname":"LAPTOP-QPNKNM95","pid":10164,"level":20,"msg":"Processed: \u001b[35mlayout/_partials/header.swig\u001b[39m","time":"2017-03-12T17:36:41.931Z","v":0}
{"name":"hexo","hostname":"LAPTOP-QPNKNM95","pid":10164,"level":20,"msg":"Processed: \u001b[35mlayout/_partials/page-header.swig\u001b[39m","time":"2017-03-12T17:36:41.932Z","v":0}
{"name":"hexo","hostname":"LAPTOP-QPNKNM95","pid":10164,"level":20,"msg":"Processed: \u001b[35mlayout/_partials/pagination.swig\u001b[39m","time":"2017-03-12T17:36:41.934Z","v":0}
{"name":"hexo","hostname":"LAPTOP-QPNKNM95","pid":10164,"level":20,"msg":"Processed: \u001b[35mlayout/_partials/search.swig\u001b[39m","time":"2017-03-12T17:36:41.935Z","v":0}
{"name":"hexo","hostname":"LAPTOP-QPNKNM95","pid":10164,"level":20,"msg":"Processed: \u001b[35mlayout/_scripts/baidu-push.swig\u001b[39m","time":"2017-03-12T17:36:41.936Z","v":0}
{"name":"hexo","hostname":"LAPTOP-QPNKNM95","pid":10164,"level":20,"msg":"Processed: \u001b[35mlayout/_scripts/boostrap.swig\u001b[39m","time":"2017-03-12T17:36:41.937Z","v":0}
{"name":"hexo","hostname":"LAPTOP-QPNKNM95","pid":10164,"level":20,"msg":"Processed: \u001b[35mlayout/_scripts/commons.swig\u001b[39m","time":"2017-03-12T17:36:41.938Z","v":0}
{"name":"hexo","hostname":"LAPTOP-QPNKNM95","pid":10164,"level":20,"msg":"Processed: \u001b[35mlayout/_scripts/vendors.swig\u001b[39m","time":"2017-03-12T17:36:41.939Z","v":0}
{"name":"hexo","hostname":"LAPTOP-QPNKNM95","pid":10164,"level":20,"msg":"Processed: \u001b[35mlayout/_macro/post.swig\u001b[39m","time":"2017-03-12T17:36:41.940Z","v":0}
{"name":"hexo","hostname":"LAPTOP-QPNKNM95","pid":10164,"level":20,"msg":"Processed: \u001b[35mlayout/_macro/post-collapse.swig\u001b[39m","time":"2017-03-12T17:36:41.941Z","v":0}
{"name":"hexo","hostname":"LAPTOP-QPNKNM95","pid":10164,"level":20,"msg":"Processed: \u001b[35mlayout/_macro/reward.swig\u001b[39m","time":"2017-03-12T17:36:41.942Z","v":0}
{"name":"hexo","hostname":"LAPTOP-QPNKNM95","pid":10164,"level":20,"msg":"Processed: \u001b[35mlayout/_macro/wechat-subscriber.swig\u001b[39m","time":"2017-03-12T17:36:41.948Z","v":0}
{"name":"hexo","hostname":"LAPTOP-QPNKNM95","pid":10164,"level":20,"msg":"Processed: \u001b[35mlayout/_macro/sidebar.swig\u001b[39m","time":"2017-03-12T17:36:41.950Z","v":0}
{"name":"hexo","hostname":"LAPTOP-QPNKNM95","pid":10164,"level":20,"msg":"Processed: \u001b[35msource/js/src/schemes/pisces.js\u001b[39m","time":"2017-03-12T17:36:41.960Z","v":0}
{"name":"hexo","hostname":"LAPTOP-QPNKNM95","pid":10164,"level":20,"msg":"Processed: \u001b[35msource/lib/fancybox/source/blank.gif\u001b[39m","time":"2017-03-12T17:36:41.962Z","v":0}
{"name":"hexo","hostname":"LAPTOP-QPNKNM95","pid":10164,"level":20,"msg":"Processed: \u001b[35msource/lib/fancybox/source/fancybox_loading.gif\u001b[39m","time":"2017-03-12T17:36:41.965Z","v":0}
{"name":"hexo","hostname":"LAPTOP-QPNKNM95","pid":10164,"level":20,"msg":"Processed: \u001b[35msource/lib/fancybox/source/fancybox_loading@2x.gif\u001b[39m","time":"2017-03-12T17:36:41.966Z","v":0}
{"name":"hexo","hostname":"LAPTOP-QPNKNM95","pid":10164,"level":20,"msg":"Processed: \u001b[35msource/lib/fancybox/source/fancybox_overlay.png\u001b[39m","time":"2017-03-12T17:36:41.967Z","v":0}
{"name":"hexo","hostname":"LAPTOP-QPNKNM95","pid":10164,"level":20,"msg":"Processed: \u001b[35msource/lib/fancybox/source/fancybox_sprite.png\u001b[39m","time":"2017-03-12T17:36:41.968Z","v":0}
{"name":"hexo","hostname":"LAPTOP-QPNKNM95","pid":10164,"level":20,"msg":"Processed: \u001b[35msource/lib/fancybox/source/fancybox_sprite@2x.png\u001b[39m","time":"2017-03-12T17:36:41.970Z","v":0}
{"name":"hexo","hostname":"LAPTOP-QPNKNM95","pid":10164,"level":20,"msg":"Processed: \u001b[35msource/lib/fancybox/source/jquery.fancybox.css\u001b[39m","time":"2017-03-12T17:36:41.971Z","v":0}
{"name":"hexo","hostname":"LAPTOP-QPNKNM95","pid":10164,"level":20,"msg":"Processed: \u001b[35msource/lib/fancybox/source/jquery.fancybox.js\u001b[39m","time":"2017-03-12T17:36:41.972Z","v":0}
{"name":"hexo","hostname":"LAPTOP-QPNKNM95","pid":10164,"level":20,"msg":"Processed: \u001b[35msource/lib/fancybox/source/jquery.fancybox.pack.js\u001b[39m","time":"2017-03-12T17:36:41.973Z","v":0}
{"name":"hexo","hostname":"LAPTOP-QPNKNM95","pid":10164,"level":20,"msg":"Processed: \u001b[35msource/lib/fastclick/lib/fastclick.min.js\u001b[39m","time":"2017-03-12T17:36:41.974Z","v":0}
{"name":"hexo","hostname":"LAPTOP-QPNKNM95","pid":10164,"level":20,"msg":"Processed: \u001b[35msource/lib/fastclick/lib/fastclick.js\u001b[39m","time":"2017-03-12T17:36:41.978Z","v":0}
{"name":"hexo","hostname":"LAPTOP-QPNKNM95","pid":10164,"level":20,"msg":"Processed: \u001b[35msource/lib/font-awesome/css/font-awesome.css.map\u001b[39m","time":"2017-03-12T17:36:41.981Z","v":0}
{"name":"hexo","hostname":"LAPTOP-QPNKNM95","pid":10164,"level":20,"msg":"Processed: \u001b[35msource/lib/font-awesome/css/font-awesome.min.css\u001b[39m","time":"2017-03-12T17:36:41.983Z","v":0}
{"name":"hexo","hostname":"LAPTOP-QPNKNM95","pid":10164,"level":20,"msg":"Processed: \u001b[35msource/lib/font-awesome/css/font-awesome.css\u001b[39m","time":"2017-03-12T17:36:41.985Z","v":0}
{"name":"hexo","hostname":"LAPTOP-QPNKNM95","pid":10164,"level":20,"msg":"Processed: \u001b[35msource/lib/ua-parser-js/dist/ua-parser.min.js\u001b[39m","time":"2017-03-12T17:36:41.986Z","v":0}
{"name":"hexo","hostname":"LAPTOP-QPNKNM95","pid":10164,"level":20,"msg":"Processed: \u001b[35msource/lib/ua-parser-js/dist/ua-parser.pack.js\u001b[39m","time":"2017-03-12T17:36:41.987Z","v":0}
{"name":"hexo","hostname":"LAPTOP-QPNKNM95","pid":10164,"level":20,"msg":"Processed: \u001b[35mlayout/_scripts/schemes/muse.swig\u001b[39m","time":"2017-03-12T17:36:42.003Z","v":0}
{"name":"hexo","hostname":"LAPTOP-QPNKNM95","pid":10164,"level":20,"msg":"Processed: \u001b[35mlayout/_scripts/schemes/mist.swig\u001b[39m","time":"2017-03-12T17:36:42.005Z","v":0}
{"name":"hexo","hostname":"LAPTOP-QPNKNM95","pid":10164,"level":20,"msg":"Processed: \u001b[35msource/lib/font-awesome/fonts/FontAwesome.otf\u001b[39m","time":"2017-03-12T17:36:42.014Z","v":0}
{"name":"hexo","hostname":"LAPTOP-QPNKNM95","pid":10164,"level":20,"msg":"Processed: \u001b[35msource/lib/font-awesome/fonts/fontawesome-webfont.eot\u001b[39m","time":"2017-03-12T17:36:42.024Z","v":0}
{"name":"hexo","hostname":"LAPTOP-QPNKNM95","pid":10164,"level":20,"msg":"Processed: \u001b[35msource/lib/font-awesome/fonts/fontawesome-webfont.woff\u001b[39m","time":"2017-03-12T17:36:42.026Z","v":0}
{"name":"hexo","hostname":"LAPTOP-QPNKNM95","pid":10164,"level":20,"msg":"Processed: \u001b[35msource/lib/font-awesome/fonts/fontawesome-webfont.woff2\u001b[39m","time":"2017-03-12T17:36:42.027Z","v":0}
{"name":"hexo","hostname":"LAPTOP-QPNKNM95","pid":10164,"level":20,"msg":"Processed: \u001b[35mlayout/_components/algolia-search/assets.swig\u001b[39m","time":"2017-03-12T17:36:42.053Z","v":0}
{"name":"hexo","hostname":"LAPTOP-QPNKNM95","pid":10164,"level":20,"msg":"Processed: \u001b[35mlayout/_components/algolia-search/dom.swig\u001b[39m","time":"2017-03-12T17:36:42.054Z","v":0}
{"name":"hexo","hostname":"LAPTOP-QPNKNM95","pid":10164,"level":20,"msg":"Processed: \u001b[35mlayout/_partials/head/custom-head.swig\u001b[39m","time":"2017-03-12T17:36:42.057Z","v":0}
{"name":"hexo","hostname":"LAPTOP-QPNKNM95","pid":10164,"level":20,"msg":"Processed: \u001b[35mlayout/_partials/head/external-fonts.swig\u001b[39m","time":"2017-03-12T17:36:42.059Z","v":0}
{"name":"hexo","hostname":"LAPTOP-QPNKNM95","pid":10164,"level":20,"msg":"Processed: \u001b[35mlayout/_partials/search/localsearch.swig\u001b[39m","time":"2017-03-12T17:36:42.059Z","v":0}
{"name":"hexo","hostname":"LAPTOP-QPNKNM95","pid":10164,"level":20,"msg":"Processed: \u001b[35mlayout/_partials/search/swiftype.swig\u001b[39m","time":"2017-03-12T17:36:42.060Z","v":0}
{"name":"hexo","hostname":"LAPTOP-QPNKNM95","pid":10164,"level":20,"msg":"Processed: \u001b[35mlayout/_partials/search/tinysou.swig\u001b[39m","time":"2017-03-12T17:36:42.061Z","v":0}
{"name":"hexo","hostname":"LAPTOP-QPNKNM95","pid":10164,"level":20,"msg":"Processed: \u001b[35mlayout/_partials/share/add-this.swig\u001b[39m","time":"2017-03-12T17:36:42.062Z","v":0}
{"name":"hexo","hostname":"LAPTOP-QPNKNM95","pid":10164,"level":20,"msg":"Processed: \u001b[35mlayout/_partials/share/duoshuo_share.swig\u001b[39m","time":"2017-03-12T17:36:42.063Z","v":0}
{"name":"hexo","hostname":"LAPTOP-QPNKNM95","pid":10164,"level":20,"msg":"Processed: \u001b[35mlayout/_scripts/pages/post-details.swig\u001b[39m","time":"2017-03-12T17:36:42.064Z","v":0}
{"name":"hexo","hostname":"LAPTOP-QPNKNM95","pid":10164,"level":20,"msg":"Processed: \u001b[35mlayout/_partials/share/baidushare.swig\u001b[39m","time":"2017-03-12T17:36:42.064Z","v":0}
{"name":"hexo","hostname":"LAPTOP-QPNKNM95","pid":10164,"level":20,"msg":"Processed: \u001b[35mlayout/_partials/share/jiathis.swig\u001b[39m","time":"2017-03-12T17:36:42.065Z","v":0}
{"name":"hexo","hostname":"LAPTOP-QPNKNM95","pid":10164,"level":20,"msg":"Processed: \u001b[35mlayout/_scripts/schemes/pisces.swig\u001b[39m","time":"2017-03-12T17:36:42.066Z","v":0}
{"name":"hexo","hostname":"LAPTOP-QPNKNM95","pid":10164,"level":20,"msg":"Processed: \u001b[35mlayout/_scripts/third-party/comments.swig\u001b[39m","time":"2017-03-12T17:36:42.066Z","v":0}
{"name":"hexo","hostname":"LAPTOP-QPNKNM95","pid":10164,"level":20,"msg":"Processed: \u001b[35mlayout/_scripts/third-party/analytics.swig\u001b[39m","time":"2017-03-12T17:36:42.067Z","v":0}
{"name":"hexo","hostname":"LAPTOP-QPNKNM95","pid":10164,"level":20,"msg":"Processed: \u001b[35mlayout/_scripts/third-party/lean-analytics.swig\u001b[39m","time":"2017-03-12T17:36:42.070Z","v":0}
{"name":"hexo","hostname":"LAPTOP-QPNKNM95","pid":10164,"level":20,"msg":"Processed: \u001b[35mlayout/_scripts/third-party/localsearch.swig\u001b[39m","time":"2017-03-12T17:36:42.071Z","v":0}
{"name":"hexo","hostname":"LAPTOP-QPNKNM95","pid":10164,"level":20,"msg":"Processed: \u001b[35mlayout/_scripts/third-party/mathjax.swig\u001b[39m","time":"2017-03-12T17:36:42.073Z","v":0}
{"name":"hexo","hostname":"LAPTOP-QPNKNM95","pid":10164,"level":20,"msg":"Processed: \u001b[35mlayout/_scripts/third-party/tinysou.swig\u001b[39m","time":"2017-03-12T17:36:42.074Z","v":0}
{"name":"hexo","hostname":"LAPTOP-QPNKNM95","pid":10164,"level":20,"msg":"Processed: \u001b[35mlayout/_scripts/third-party/schedule.swig\u001b[39m","time":"2017-03-12T17:36:42.076Z","v":0}
{"name":"hexo","hostname":"LAPTOP-QPNKNM95","pid":10164,"level":20,"msg":"Processed: \u001b[35msource/lib/velocity/velocity.js\u001b[39m","time":"2017-03-12T17:36:42.079Z","v":0}
{"name":"hexo","hostname":"LAPTOP-QPNKNM95","pid":10164,"level":20,"msg":"Processed: \u001b[35msource/lib/fancybox/source/helpers/fancybox_buttons.png\u001b[39m","time":"2017-03-12T17:36:42.081Z","v":0}
{"name":"hexo","hostname":"LAPTOP-QPNKNM95","pid":10164,"level":20,"msg":"Processed: \u001b[35msource/lib/fancybox/source/helpers/jquery.fancybox-buttons.css\u001b[39m","time":"2017-03-12T17:36:42.082Z","v":0}
{"name":"hexo","hostname":"LAPTOP-QPNKNM95","pid":10164,"level":20,"msg":"Processed: \u001b[35msource/lib/fancybox/source/helpers/jquery.fancybox-buttons.js\u001b[39m","time":"2017-03-12T17:36:42.093Z","v":0}
{"name":"hexo","hostname":"LAPTOP-QPNKNM95","pid":10164,"level":20,"msg":"Processed: \u001b[35msource/lib/fancybox/source/helpers/jquery.fancybox-media.js\u001b[39m","time":"2017-03-12T17:36:42.094Z","v":0}
{"name":"hexo","hostname":"LAPTOP-QPNKNM95","pid":10164,"level":20,"msg":"Processed: \u001b[35msource/lib/fancybox/source/helpers/jquery.fancybox-thumbs.js\u001b[39m","time":"2017-03-12T17:36:42.095Z","v":0}
{"name":"hexo","hostname":"LAPTOP-QPNKNM95","pid":10164,"level":20,"msg":"Processed: \u001b[35msource/lib/fancybox/source/helpers/jquery.fancybox-thumbs.css\u001b[39m","time":"2017-03-12T17:36:42.103Z","v":0}
{"name":"hexo","hostname":"LAPTOP-QPNKNM95","pid":10164,"level":20,"msg":"Processed: \u001b[35msource/lib/font-awesome/fonts/fontawesome-webfont.ttf\u001b[39m","time":"2017-03-12T17:36:42.105Z","v":0}
{"name":"hexo","hostname":"LAPTOP-QPNKNM95","pid":10164,"level":20,"msg":"Processed: \u001b[35mlayout/_scripts/third-party/analytics/application-insights.swig\u001b[39m","time":"2017-03-12T17:36:42.140Z","v":0}
{"name":"hexo","hostname":"LAPTOP-QPNKNM95","pid":10164,"level":20,"msg":"Processed: \u001b[35mlayout/_scripts/third-party/analytics/busuanzi-counter.swig\u001b[39m","time":"2017-03-12T17:36:42.149Z","v":0}
{"name":"hexo","hostname":"LAPTOP-QPNKNM95","pid":10164,"level":20,"msg":"Processed: \u001b[35mlayout/_scripts/third-party/analytics/baidu-analytics.swig\u001b[39m","time":"2017-03-12T17:36:42.152Z","v":0}
{"name":"hexo","hostname":"LAPTOP-QPNKNM95","pid":10164,"level":20,"msg":"Processed: \u001b[35mlayout/_scripts/third-party/analytics/cnzz-analytics.swig\u001b[39m","time":"2017-03-12T17:36:42.153Z","v":0}
{"name":"hexo","hostname":"LAPTOP-QPNKNM95","pid":10164,"level":20,"msg":"Processed: \u001b[35mlayout/_scripts/third-party/analytics/google-analytics.swig\u001b[39m","time":"2017-03-12T17:36:42.154Z","v":0}
{"name":"hexo","hostname":"LAPTOP-QPNKNM95","pid":10164,"level":20,"msg":"Processed: \u001b[35mlayout/_scripts/third-party/analytics/facebook-sdk.swig\u001b[39m","time":"2017-03-12T17:36:42.155Z","v":0}
{"name":"hexo","hostname":"LAPTOP-QPNKNM95","pid":10164,"level":20,"msg":"Processed: \u001b[35mlayout/_scripts/third-party/analytics/tencent-mta.swig\u001b[39m","time":"2017-03-12T17:36:42.156Z","v":0}
{"name":"hexo","hostname":"LAPTOP-QPNKNM95","pid":10164,"level":20,"msg":"Processed: \u001b[35mlayout/_scripts/third-party/analytics/tencent-analytics.swig\u001b[39m","time":"2017-03-12T17:36:42.156Z","v":0}
{"name":"hexo","hostname":"LAPTOP-QPNKNM95","pid":10164,"level":20,"msg":"Processed: \u001b[35mlayout/_scripts/third-party/analytics/vkontakte-api.swig\u001b[39m","time":"2017-03-12T17:36:42.157Z","v":0}
{"name":"hexo","hostname":"LAPTOP-QPNKNM95","pid":10164,"level":20,"msg":"Processed: \u001b[35mlayout/_scripts/third-party/comments/disqus.swig\u001b[39m","time":"2017-03-12T17:36:42.158Z","v":0}
{"name":"hexo","hostname":"LAPTOP-QPNKNM95","pid":10164,"level":20,"msg":"Processed: \u001b[35mlayout/_scripts/third-party/comments/duoshuo.swig\u001b[39m","time":"2017-03-12T17:36:42.166Z","v":0}
{"name":"hexo","hostname":"LAPTOP-QPNKNM95","pid":10164,"level":20,"msg":"Processed: \u001b[35mlayout/_scripts/third-party/comments/gentie.swig\u001b[39m","time":"2017-03-12T17:36:42.167Z","v":0}
{"name":"hexo","hostname":"LAPTOP-QPNKNM95","pid":10164,"level":20,"msg":"Processed: \u001b[35mlayout/_scripts/third-party/comments/hypercomments.swig\u001b[39m","time":"2017-03-12T17:36:42.167Z","v":0}
{"name":"hexo","hostname":"LAPTOP-QPNKNM95","pid":10164,"level":20,"msg":"Processed: \u001b[35mlayout/_scripts/third-party/comments/livere.swig\u001b[39m","time":"2017-03-12T17:36:42.168Z","v":0}
{"name":"hexo","hostname":"LAPTOP-QPNKNM95","pid":10164,"level":20,"msg":"Processed: \u001b[35mlayout/_scripts/third-party/comments/youyan.swig\u001b[39m","time":"2017-03-12T17:36:42.169Z","v":0}
{"name":"hexo","hostname":"LAPTOP-QPNKNM95","pid":10164,"level":20,"msg":"Processed: \u001b[35msource/lib/algolia-instant-search/instantsearch.min.js\u001b[39m","time":"2017-03-12T17:36:42.170Z","v":0}
{"name":"hexo","hostname":"LAPTOP-QPNKNM95","pid":10164,"level":20,"msg":"Processed: \u001b[35msource/lib/font-awesome/fonts/fontawesome-webfont.svg\u001b[39m","time":"2017-03-12T17:36:42.174Z","v":0}
{"name":"hexo","hostname":"LAPTOP-QPNKNM95","pid":10164,"level":20,"msg":"Generator: \u001b[35mpage\u001b[39m","time":"2017-03-12T17:36:42.514Z","v":0}
{"name":"hexo","hostname":"LAPTOP-QPNKNM95","pid":10164,"level":20,"msg":"Generator: \u001b[35mpost\u001b[39m","time":"2017-03-12T17:36:42.516Z","v":0}
{"name":"hexo","hostname":"LAPTOP-QPNKNM95","pid":10164,"level":20,"msg":"Generator: \u001b[35marchive\u001b[39m","time":"2017-03-12T17:36:42.516Z","v":0}
{"name":"hexo","hostname":"LAPTOP-QPNKNM95","pid":10164,"level":20,"msg":"Generator: \u001b[35mcategory\u001b[39m","time":"2017-03-12T17:36:42.517Z","v":0}
{"name":"hexo","hostname":"LAPTOP-QPNKNM95","pid":10164,"level":20,"msg":"Generator: \u001b[35mindex\u001b[39m","time":"2017-03-12T17:36:42.520Z","v":0}
{"name":"hexo","hostname":"LAPTOP-QPNKNM95","pid":10164,"level":20,"msg":"Generator: \u001b[35mtag\u001b[39m","time":"2017-03-12T17:36:42.521Z","v":0}
{"name":"hexo","hostname":"LAPTOP-QPNKNM95","pid":10164,"level":20,"msg":"Generator: \u001b[35masset\u001b[39m","time":"2017-03-12T17:36:42.523Z","v":0}
{"name":"hexo","hostname":"LAPTOP-QPNKNM95","pid":10164,"level":30,"msg":"Hexo is running at \u001b[4mhttp://localhost:4000/\u001b[24m. Press Ctrl+C to stop.","time":"2017-03-12T17:36:42.537Z","v":0}
{"name":"hexo","hostname":"LAPTOP-QPNKNM95","pid":10164,"level":20,"msg":"Database saved","time":"2017-03-12T17:36:42.576Z","v":0}
{"name":"hexo","hostname":"LAPTOP-QPNKNM95","pid":10164,"level":20,"msg":"Rendering index: \u001b[35mindex.html\u001b[39m","time":"2017-03-12T17:36:45.146Z","v":0}
{"name":"hexo","hostname":"LAPTOP-QPNKNM95","pid":10164,"level":20,"msg":"Processed: \u001b[35m_posts/Git学习之如何push本地仓库到远程.md\u001b[39m","time":"2017-03-12T17:41:26.542Z","v":0}
{"name":"hexo","hostname":"LAPTOP-QPNKNM95","pid":10164,"level":20,"msg":"Generator: \u001b[35mpage\u001b[39m","time":"2017-03-12T17:41:26.726Z","v":0}
{"name":"hexo","hostname":"LAPTOP-QPNKNM95","pid":10164,"level":20,"msg":"Generator: \u001b[35mpost\u001b[39m","time":"2017-03-12T17:41:26.727Z","v":0}
{"name":"hexo","hostname":"LAPTOP-QPNKNM95","pid":10164,"level":20,"msg":"Generator: \u001b[35marchive\u001b[39m","time":"2017-03-12T17:41:26.727Z","v":0}
{"name":"hexo","hostname":"LAPTOP-QPNKNM95","pid":10164,"level":20,"msg":"Generator: \u001b[35mcategory\u001b[39m","time":"2017-03-12T17:41:26.728Z","v":0}
{"name":"hexo","hostname":"LAPTOP-QPNKNM95","pid":10164,"level":20,"msg":"Generator: \u001b[35mindex\u001b[39m","time":"2017-03-12T17:41:26.729Z","v":0}
{"name":"hexo","hostname":"LAPTOP-QPNKNM95","pid":10164,"level":20,"msg":"Generator: \u001b[35mtag\u001b[39m","time":"2017-03-12T17:41:26.730Z","v":0}
{"name":"hexo","hostname":"LAPTOP-QPNKNM95","pid":10164,"level":20,"msg":"Generator: \u001b[35masset\u001b[39m","time":"2017-03-12T17:41:26.735Z","v":0}
{"name":"hexo","hostname":"LAPTOP-QPNKNM95","pid":10164,"level":20,"msg":"Rendering index: \u001b[35mindex.html\u001b[39m","time":"2017-03-12T17:41:32.656Z","v":0}
